<?xml version="1.0" encoding="UTF-8"?>
<testsuite name="ru.stqa.pft.addressbook.tests.DbConnectionTest" tests="1" skipped="0" failures="0" errors="0" timestamp="2019-02-24T13:21:30" hostname="DESKTOP-KSIT5DT" time="0.014">
  <properties/>
  <testcase name="TestDbConnection" classname="ru.stqa.pft.addressbook.tests.DbConnectionTest" time="0.014"/>
  <system-out><![CDATA[[GroupData{id='245', name='test 1'}, GroupData{id='244', name='666'}, GroupData{id='243', name='666'}]
]]></system-out>
  <system-err><![CDATA[]]></system-err>
</testsuite>
