<?xml version="1.0" encoding="UTF-8"?>
<testsuite name="ru.stqa.pft.addressbook.tests.DbConnectionTest" tests="1" skipped="0" failures="0" errors="0" timestamp="2019-02-24T09:58:15" hostname="DESKTOP-KSIT5DT" time="0.01">
  <properties/>
  <testcase name="TestDbConnection" classname="ru.stqa.pft.addressbook.tests.DbConnectionTest" time="0.01"/>
  <system-out><![CDATA[[GroupData{id='196', name='666'}, GroupData{id='197', name='test 1'}, GroupData{id='182', name='666'}, GroupData{id='200', name='test 1'}, GroupData{id='201', name='test 2'}, GroupData{id='183', name='666'}, GroupData{id='179', name='666'}, GroupData{id='180', name='666'}, GroupData{id='199', name='test 0'}, GroupData{id='186', name='666'}, GroupData{id='190', name='test 0'}, GroupData{id='193', name='test 0'}, GroupData{id='194', name='test 1'}, GroupData{id='195', name='test 2'}, GroupData{id='187', name='test 0'}, GroupData{id='188', name='test 1'}, GroupData{id='189', name='test 2'}]
]]></system-out>
  <system-err><![CDATA[]]></system-err>
</testsuite>
