<?xml version="1.0" encoding="UTF-8"?>
<testsuite name="ru.stqa.pft.addressbook.tests.ContactCreationTests" tests="3" skipped="0" failures="3" errors="0" timestamp="2019-02-24T09:58:00" hostname="DESKTOP-KSIT5DT" time="7.927">
  <properties/>
  <testcase name="testContactCreationTests[0](ContactData{id=2147483647, firstname='Name 0', lastname='Surname 0', homephone='89810', groups=[], address='Address 0'})" classname="ru.stqa.pft.addressbook.tests.ContactCreationTests" time="2.95">
    <failure message="java.lang.AssertionError: &#10;Expected: &lt;[ContactData{id=308, firstname='Name 0', lastname='Surname 0', homephone='89810', groups=[GroupData{id='196', name='666'}], address='Address 0'}, ContactData{id=307, firstname='Name 2', lastname='Surname 2', homephone='89812', groups=[GroupData{id='179', name='666'}], address='Address 2'}, ContactData{id=297, firstname='Имя 1', lastname='Фамилия 1', homephone='89811', groups=[GroupData{id='179', name='666'}], address='Адрес 1'}, ContactData{id=301, firstname='Имя 2', lastname='Фамилия 2', homephone='89812', groups=[GroupData{id='179', name='666'}], address='Адрес 2'}, ContactData{id=290, firstname='Имя 0', lastname='Фамилия 0', homephone='89810', groups=[GroupData{id='179', name='666'}], address='Адрес 0'}, ContactData{id=289, firstname='Имя 2', lastname='Фамилия 2', homephone='89812', groups=[], address='Адрес 2'}, ContactData{id=294, firstname='Имя 1', lastname='Фамилия 1', homephone='89811', groups=[GroupData{id='179', name='666'}], address='Адрес 1'}, ContactData{id=306, firstname='Name 1', lastname='Surname 1', homephone='89811', groups=[GroupData{id='179', name='666'}], address='Address 1'}, ContactData{id=287, firstname='Имя 0', lastname='Фамилия 0', homephone='89810', groups=[GroupData{id='179', name='666'}], address='Адрес 0'}, ContactData{id=291, firstname='Имя 1', lastname='Фамилия 1', homephone='89811', groups=[GroupData{id='179', name='666'}], address='Адрес 1'}, ContactData{id=295, firstname='Имя 2', lastname='Фамилия 2', homephone='89812', groups=[GroupData{id='179', name='666'}], address='Адрес 2'}, ContactData{id=303, firstname='Р�РјСЏ 1', lastname='Р¤Р°РјРёР»РёСЏ 1', homephone='89811', groups=[GroupData{id='179', name='666'}], address='РђРґСЂРµСЃ 1'}, ContactData{id=304, firstname='Р�РјСЏ 2', lastname='Р¤Р°РјРёР»РёСЏ 2', homephone='89812', groups=[GroupData{id='179', name='666'}], address='РђРґСЂРµСЃ 2'}, ContactData{id=293, firstname='Имя 0', lastname='Фамилия 0', homephone='89810', groups=[GroupData{id='189', name='test 2'}, GroupData{id='179', name='666'}], address='Адрес 0'}, ContactData{id=302, firstname='Р�РјСЏ 0', lastname='Р¤Р°РјРёР»РёСЏ 0', homephone='89810', groups=[GroupData{id='179', name='666'}], address='РђРґСЂРµСЃ 0'}, ContactData{id=296, firstname='Имя 0', lastname='Фамилия 0', homephone='89810', groups=[GroupData{id='179', name='666'}], address='Адрес 0'}, ContactData{id=299, firstname='Имя 0', lastname='Фамилия 0', homephone='89810', groups=[GroupData{id='179', name='666'}], address='Адрес 0'}]&gt;&#10;     but: was &lt;[ContactData{id=308, firstname='Name 0', lastname='Surname 0', homephone='89810', groups=[GroupData{id='179', name='666'}], address='Address 0'}, ContactData{id=307, firstname='Name 2', lastname='Surname 2', homephone='89812', groups=[GroupData{id='179', name='666'}], address='Address 2'}, ContactData{id=297, firstname='Имя 1', lastname='Фамилия 1', homephone='89811', groups=[GroupData{id='179', name='666'}], address='Адрес 1'}, ContactData{id=301, firstname='Имя 2', lastname='Фамилия 2', homephone='89812', groups=[GroupData{id='179', name='666'}], address='Адрес 2'}, ContactData{id=290, firstname='Имя 0', lastname='Фамилия 0', homephone='89810', groups=[GroupData{id='179', name='666'}], address='Адрес 0'}, ContactData{id=289, firstname='Имя 2', lastname='Фамилия 2', homephone='89812', groups=[], address='Адрес 2'}, ContactData{id=294, firstname='Имя 1', lastname='Фамилия 1', homephone='89811', groups=[GroupData{id='179', name='666'}], address='Адрес 1'}, ContactData{id=306, firstname='Name 1', lastname='Surname 1', homephone='89811', groups=[GroupData{id='179', name='666'}], address='Address 1'}, ContactData{id=287, firstname='Имя 0', lastname='Фамилия 0', homephone='89810', groups=[GroupData{id='179', name='666'}], address='Адрес 0'}, ContactData{id=291, firstname='Имя 1', lastname='Фамилия 1', homephone='89811', groups=[GroupData{id='179', name='666'}], address='Адрес 1'}, ContactData{id=295, firstname='Имя 2', lastname='Фамилия 2', homephone='89812', groups=[GroupData{id='179', name='666'}], address='Адрес 2'}, ContactData{id=303, firstname='Р�РјСЏ 1', lastname='Р¤Р°РјРёР»РёСЏ 1', homephone='89811', groups=[GroupData{id='179', name='666'}], address='РђРґСЂРµСЃ 1'}, ContactData{id=304, firstname='Р�РјСЏ 2', lastname='Р¤Р°РјРёР»РёСЏ 2', homephone='89812', groups=[GroupData{id='179', name='666'}], address='РђРґСЂРµСЃ 2'}, ContactData{id=293, firstname='Имя 0', lastname='Фамилия 0', homephone='89810', groups=[GroupData{id='189', name='test 2'}, GroupData{id='179', name='666'}], address='Адрес 0'}, ContactData{id=302, firstname='Р�РјСЏ 0', lastname='Р¤Р°РјРёР»РёСЏ 0', homephone='89810', groups=[GroupData{id='179', name='666'}], address='РђРґСЂРµСЃ 0'}, ContactData{id=296, firstname='Имя 0', lastname='Фамилия 0', homephone='89810', groups=[GroupData{id='179', name='666'}], address='Адрес 0'}, ContactData{id=299, firstname='Имя 0', lastname='Фамилия 0', homephone='89810', groups=[GroupData{id='179', name='666'}], address='Адрес 0'}]&gt;" type="java.lang.AssertionError">java.lang.AssertionError: 
Expected: &lt;[ContactData{id=308, firstname='Name 0', lastname='Surname 0', homephone='89810', groups=[GroupData{id='196', name='666'}], address='Address 0'}, ContactData{id=307, firstname='Name 2', lastname='Surname 2', homephone='89812', groups=[GroupData{id='179', name='666'}], address='Address 2'}, ContactData{id=297, firstname='Имя 1', lastname='Фамилия 1', homephone='89811', groups=[GroupData{id='179', name='666'}], address='Адрес 1'}, ContactData{id=301, firstname='Имя 2', lastname='Фамилия 2', homephone='89812', groups=[GroupData{id='179', name='666'}], address='Адрес 2'}, ContactData{id=290, firstname='Имя 0', lastname='Фамилия 0', homephone='89810', groups=[GroupData{id='179', name='666'}], address='Адрес 0'}, ContactData{id=289, firstname='Имя 2', lastname='Фамилия 2', homephone='89812', groups=[], address='Адрес 2'}, ContactData{id=294, firstname='Имя 1', lastname='Фамилия 1', homephone='89811', groups=[GroupData{id='179', name='666'}], address='Адрес 1'}, ContactData{id=306, firstname='Name 1', lastname='Surname 1', homephone='89811', groups=[GroupData{id='179', name='666'}], address='Address 1'}, ContactData{id=287, firstname='Имя 0', lastname='Фамилия 0', homephone='89810', groups=[GroupData{id='179', name='666'}], address='Адрес 0'}, ContactData{id=291, firstname='Имя 1', lastname='Фамилия 1', homephone='89811', groups=[GroupData{id='179', name='666'}], address='Адрес 1'}, ContactData{id=295, firstname='Имя 2', lastname='Фамилия 2', homephone='89812', groups=[GroupData{id='179', name='666'}], address='Адрес 2'}, ContactData{id=303, firstname='Р�РјСЏ 1', lastname='Р¤Р°РјРёР»РёСЏ 1', homephone='89811', groups=[GroupData{id='179', name='666'}], address='РђРґСЂРµСЃ 1'}, ContactData{id=304, firstname='Р�РјСЏ 2', lastname='Р¤Р°РјРёР»РёСЏ 2', homephone='89812', groups=[GroupData{id='179', name='666'}], address='РђРґСЂРµСЃ 2'}, ContactData{id=293, firstname='Имя 0', lastname='Фамилия 0', homephone='89810', groups=[GroupData{id='189', name='test 2'}, GroupData{id='179', name='666'}], address='Адрес 0'}, ContactData{id=302, firstname='Р�РјСЏ 0', lastname='Р¤Р°РјРёР»РёСЏ 0', homephone='89810', groups=[GroupData{id='179', name='666'}], address='РђРґСЂРµСЃ 0'}, ContactData{id=296, firstname='Имя 0', lastname='Фамилия 0', homephone='89810', groups=[GroupData{id='179', name='666'}], address='Адрес 0'}, ContactData{id=299, firstname='Имя 0', lastname='Фамилия 0', homephone='89810', groups=[GroupData{id='179', name='666'}], address='Адрес 0'}]&gt;
     but: was &lt;[ContactData{id=308, firstname='Name 0', lastname='Surname 0', homephone='89810', groups=[GroupData{id='179', name='666'}], address='Address 0'}, ContactData{id=307, firstname='Name 2', lastname='Surname 2', homephone='89812', groups=[GroupData{id='179', name='666'}], address='Address 2'}, ContactData{id=297, firstname='Имя 1', lastname='Фамилия 1', homephone='89811', groups=[GroupData{id='179', name='666'}], address='Адрес 1'}, ContactData{id=301, firstname='Имя 2', lastname='Фамилия 2', homephone='89812', groups=[GroupData{id='179', name='666'}], address='Адрес 2'}, ContactData{id=290, firstname='Имя 0', lastname='Фамилия 0', homephone='89810', groups=[GroupData{id='179', name='666'}], address='Адрес 0'}, ContactData{id=289, firstname='Имя 2', lastname='Фамилия 2', homephone='89812', groups=[], address='Адрес 2'}, ContactData{id=294, firstname='Имя 1', lastname='Фамилия 1', homephone='89811', groups=[GroupData{id='179', name='666'}], address='Адрес 1'}, ContactData{id=306, firstname='Name 1', lastname='Surname 1', homephone='89811', groups=[GroupData{id='179', name='666'}], address='Address 1'}, ContactData{id=287, firstname='Имя 0', lastname='Фамилия 0', homephone='89810', groups=[GroupData{id='179', name='666'}], address='Адрес 0'}, ContactData{id=291, firstname='Имя 1', lastname='Фамилия 1', homephone='89811', groups=[GroupData{id='179', name='666'}], address='Адрес 1'}, ContactData{id=295, firstname='Имя 2', lastname='Фамилия 2', homephone='89812', groups=[GroupData{id='179', name='666'}], address='Адрес 2'}, ContactData{id=303, firstname='Р�РјСЏ 1', lastname='Р¤Р°РјРёР»РёСЏ 1', homephone='89811', groups=[GroupData{id='179', name='666'}], address='РђРґСЂРµСЃ 1'}, ContactData{id=304, firstname='Р�РјСЏ 2', lastname='Р¤Р°РјРёР»РёСЏ 2', homephone='89812', groups=[GroupData{id='179', name='666'}], address='РђРґСЂРµСЃ 2'}, ContactData{id=293, firstname='Имя 0', lastname='Фамилия 0', homephone='89810', groups=[GroupData{id='189', name='test 2'}, GroupData{id='179', name='666'}], address='Адрес 0'}, ContactData{id=302, firstname='Р�РјСЏ 0', lastname='Р¤Р°РјРёР»РёСЏ 0', homephone='89810', groups=[GroupData{id='179', name='666'}], address='РђРґСЂРµСЃ 0'}, ContactData{id=296, firstname='Имя 0', lastname='Фамилия 0', homephone='89810', groups=[GroupData{id='179', name='666'}], address='Адрес 0'}, ContactData{id=299, firstname='Имя 0', lastname='Фамилия 0', homephone='89810', groups=[GroupData{id='179', name='666'}], address='Адрес 0'}]&gt;
	at org.hamcrest.MatcherAssert.assertThat(MatcherAssert.java:18)
	at org.hamcrest.MatcherAssert.assertThat(MatcherAssert.java:6)
	at ru.stqa.pft.addressbook.tests.ContactCreationTests.testContactCreationTests(ContactCreationTests.java:72)
	at sun.reflect.NativeMethodAccessorImpl.invoke0(Native Method)
	at sun.reflect.NativeMethodAccessorImpl.invoke(NativeMethodAccessorImpl.java:62)
	at sun.reflect.DelegatingMethodAccessorImpl.invoke(DelegatingMethodAccessorImpl.java:43)
	at java.lang.reflect.Method.invoke(Method.java:498)
	at org.testng.internal.MethodInvocationHelper.invokeMethod(MethodInvocationHelper.java:131)
	at org.testng.internal.Invoker.invokeMethod(Invoker.java:658)
	at org.testng.internal.Invoker.invokeTestMethod(Invoker.java:792)
	at org.testng.internal.Invoker.invokeTestMethods(Invoker.java:1103)
	at org.testng.internal.TestMethodWorker.invokeTestMethods(TestMethodWorker.java:140)
	at org.testng.internal.TestMethodWorker.run(TestMethodWorker.java:122)
	at org.testng.TestRunner.privateRun(TestRunner.java:739)
	at org.testng.TestRunner.run(TestRunner.java:589)
	at org.testng.SuiteRunner.runTest(SuiteRunner.java:398)
	at org.testng.SuiteRunner.runSequentially(SuiteRunner.java:392)
	at org.testng.SuiteRunner.privateRun(SuiteRunner.java:354)
	at org.testng.SuiteRunner.run(SuiteRunner.java:302)
	at org.testng.SuiteRunnerWorker.runSuite(SuiteRunnerWorker.java:53)
	at org.testng.SuiteRunnerWorker.run(SuiteRunnerWorker.java:96)
	at org.testng.TestNG.runSuitesSequentially(TestNG.java:1145)
	at org.testng.TestNG.runSuitesLocally(TestNG.java:1067)
	at org.testng.TestNG.runSuites(TestNG.java:997)
	at org.testng.TestNG.run(TestNG.java:965)
	at org.gradle.api.internal.tasks.testing.testng.TestNGTestClassProcessor.runTests(TestNGTestClassProcessor.java:139)
	at org.gradle.api.internal.tasks.testing.testng.TestNGTestClassProcessor.stop(TestNGTestClassProcessor.java:89)
	at org.gradle.api.internal.tasks.testing.SuiteTestClassProcessor.stop(SuiteTestClassProcessor.java:61)
	at sun.reflect.NativeMethodAccessorImpl.invoke0(Native Method)
	at sun.reflect.NativeMethodAccessorImpl.invoke(NativeMethodAccessorImpl.java:62)
	at sun.reflect.DelegatingMethodAccessorImpl.invoke(DelegatingMethodAccessorImpl.java:43)
	at java.lang.reflect.Method.invoke(Method.java:498)
	at org.gradle.internal.dispatch.ReflectionDispatch.dispatch(ReflectionDispatch.java:35)
	at org.gradle.internal.dispatch.ReflectionDispatch.dispatch(ReflectionDispatch.java:24)
	at org.gradle.internal.dispatch.ContextClassLoaderDispatch.dispatch(ContextClassLoaderDispatch.java:32)
	at org.gradle.internal.dispatch.ProxyDispatchAdapter$DispatchingInvocationHandler.invoke(ProxyDispatchAdapter.java:93)
	at com.sun.proxy.$Proxy2.stop(Unknown Source)
	at org.gradle.api.internal.tasks.testing.worker.TestWorker.stop(TestWorker.java:131)
	at sun.reflect.NativeMethodAccessorImpl.invoke0(Native Method)
	at sun.reflect.NativeMethodAccessorImpl.invoke(NativeMethodAccessorImpl.java:62)
	at sun.reflect.DelegatingMethodAccessorImpl.invoke(DelegatingMethodAccessorImpl.java:43)
	at java.lang.reflect.Method.invoke(Method.java:498)
	at org.gradle.internal.dispatch.ReflectionDispatch.dispatch(ReflectionDispatch.java:35)
	at org.gradle.internal.dispatch.ReflectionDispatch.dispatch(ReflectionDispatch.java:24)
	at org.gradle.internal.remote.internal.hub.MessageHubBackedObjectConnection$DispatchWrapper.dispatch(MessageHubBackedObjectConnection.java:155)
	at org.gradle.internal.remote.internal.hub.MessageHubBackedObjectConnection$DispatchWrapper.dispatch(MessageHubBackedObjectConnection.java:137)
	at org.gradle.internal.remote.internal.hub.MessageHub$Handler.run(MessageHub.java:404)
	at org.gradle.internal.concurrent.ExecutorPolicy$CatchAndRecordFailures.onExecute(ExecutorPolicy.java:63)
	at org.gradle.internal.concurrent.ManagedExecutorImpl$1.run(ManagedExecutorImpl.java:46)
	at java.util.concurrent.ThreadPoolExecutor.runWorker(ThreadPoolExecutor.java:1149)
	at java.util.concurrent.ThreadPoolExecutor$Worker.run(ThreadPoolExecutor.java:624)
	at org.gradle.internal.concurrent.ThreadFactoryImpl$ManagedThreadRunnable.run(ThreadFactoryImpl.java:55)
	at java.lang.Thread.run(Thread.java:748)
</failure>
  </testcase>
  <testcase name="testContactCreationTests[1](ContactData{id=2147483647, firstname='Name 1', lastname='Surname 1', homephone='89811', groups=[], address='Address 1'})" classname="ru.stqa.pft.addressbook.tests.ContactCreationTests" time="2.382">
    <failure message="java.lang.AssertionError: &#10;Expected: &lt;[ContactData{id=308, firstname='Name 0', lastname='Surname 0', homephone='89810', groups=[GroupData{id='179', name='666'}], address='Address 0'}, ContactData{id=307, firstname='Name 2', lastname='Surname 2', homephone='89812', groups=[GroupData{id='179', name='666'}], address='Address 2'}, ContactData{id=297, firstname='Имя 1', lastname='Фамилия 1', homephone='89811', groups=[GroupData{id='179', name='666'}], address='Адрес 1'}, ContactData{id=301, firstname='Имя 2', lastname='Фамилия 2', homephone='89812', groups=[GroupData{id='179', name='666'}], address='Адрес 2'}, ContactData{id=290, firstname='Имя 0', lastname='Фамилия 0', homephone='89810', groups=[GroupData{id='179', name='666'}], address='Адрес 0'}, ContactData{id=289, firstname='Имя 2', lastname='Фамилия 2', homephone='89812', groups=[], address='Адрес 2'}, ContactData{id=294, firstname='Имя 1', lastname='Фамилия 1', homephone='89811', groups=[GroupData{id='179', name='666'}], address='Адрес 1'}, ContactData{id=306, firstname='Name 1', lastname='Surname 1', homephone='89811', groups=[GroupData{id='179', name='666'}], address='Address 1'}, ContactData{id=309, firstname='Name 1', lastname='Surname 1', homephone='89811', groups=[GroupData{id='196', name='666'}], address='Address 1'}, ContactData{id=287, firstname='Имя 0', lastname='Фамилия 0', homephone='89810', groups=[GroupData{id='179', name='666'}], address='Адрес 0'}, ContactData{id=291, firstname='Имя 1', lastname='Фамилия 1', homephone='89811', groups=[GroupData{id='179', name='666'}], address='Адрес 1'}, ContactData{id=295, firstname='Имя 2', lastname='Фамилия 2', homephone='89812', groups=[GroupData{id='179', name='666'}], address='Адрес 2'}, ContactData{id=303, firstname='Р�РјСЏ 1', lastname='Р¤Р°РјРёР»РёСЏ 1', homephone='89811', groups=[GroupData{id='179', name='666'}], address='РђРґСЂРµСЃ 1'}, ContactData{id=304, firstname='Р�РјСЏ 2', lastname='Р¤Р°РјРёР»РёСЏ 2', homephone='89812', groups=[GroupData{id='179', name='666'}], address='РђРґСЂРµСЃ 2'}, ContactData{id=293, firstname='Имя 0', lastname='Фамилия 0', homephone='89810', groups=[GroupData{id='189', name='test 2'}, GroupData{id='179', name='666'}], address='Адрес 0'}, ContactData{id=302, firstname='Р�РјСЏ 0', lastname='Р¤Р°РјРёР»РёСЏ 0', homephone='89810', groups=[GroupData{id='179', name='666'}], address='РђРґСЂРµСЃ 0'}, ContactData{id=296, firstname='Имя 0', lastname='Фамилия 0', homephone='89810', groups=[GroupData{id='179', name='666'}], address='Адрес 0'}, ContactData{id=299, firstname='Имя 0', lastname='Фамилия 0', homephone='89810', groups=[GroupData{id='179', name='666'}], address='Адрес 0'}]&gt;&#10;     but: was &lt;[ContactData{id=308, firstname='Name 0', lastname='Surname 0', homephone='89810', groups=[GroupData{id='179', name='666'}], address='Address 0'}, ContactData{id=307, firstname='Name 2', lastname='Surname 2', homephone='89812', groups=[GroupData{id='179', name='666'}], address='Address 2'}, ContactData{id=297, firstname='Имя 1', lastname='Фамилия 1', homephone='89811', groups=[GroupData{id='179', name='666'}], address='Адрес 1'}, ContactData{id=301, firstname='Имя 2', lastname='Фамилия 2', homephone='89812', groups=[GroupData{id='179', name='666'}], address='Адрес 2'}, ContactData{id=290, firstname='Имя 0', lastname='Фамилия 0', homephone='89810', groups=[GroupData{id='179', name='666'}], address='Адрес 0'}, ContactData{id=289, firstname='Имя 2', lastname='Фамилия 2', homephone='89812', groups=[], address='Адрес 2'}, ContactData{id=294, firstname='Имя 1', lastname='Фамилия 1', homephone='89811', groups=[GroupData{id='179', name='666'}], address='Адрес 1'}, ContactData{id=306, firstname='Name 1', lastname='Surname 1', homephone='89811', groups=[GroupData{id='179', name='666'}], address='Address 1'}, ContactData{id=309, firstname='Name 1', lastname='Surname 1', homephone='89811', groups=[GroupData{id='179', name='666'}], address='Address 1'}, ContactData{id=287, firstname='Имя 0', lastname='Фамилия 0', homephone='89810', groups=[GroupData{id='179', name='666'}], address='Адрес 0'}, ContactData{id=291, firstname='Имя 1', lastname='Фамилия 1', homephone='89811', groups=[GroupData{id='179', name='666'}], address='Адрес 1'}, ContactData{id=295, firstname='Имя 2', lastname='Фамилия 2', homephone='89812', groups=[GroupData{id='179', name='666'}], address='Адрес 2'}, ContactData{id=303, firstname='Р�РјСЏ 1', lastname='Р¤Р°РјРёР»РёСЏ 1', homephone='89811', groups=[GroupData{id='179', name='666'}], address='РђРґСЂРµСЃ 1'}, ContactData{id=304, firstname='Р�РјСЏ 2', lastname='Р¤Р°РјРёР»РёСЏ 2', homephone='89812', groups=[GroupData{id='179', name='666'}], address='РђРґСЂРµСЃ 2'}, ContactData{id=293, firstname='Имя 0', lastname='Фамилия 0', homephone='89810', groups=[GroupData{id='189', name='test 2'}, GroupData{id='179', name='666'}], address='Адрес 0'}, ContactData{id=302, firstname='Р�РјСЏ 0', lastname='Р¤Р°РјРёР»РёСЏ 0', homephone='89810', groups=[GroupData{id='179', name='666'}], address='РђРґСЂРµСЃ 0'}, ContactData{id=296, firstname='Имя 0', lastname='Фамилия 0', homephone='89810', groups=[GroupData{id='179', name='666'}], address='Адрес 0'}, ContactData{id=299, firstname='Имя 0', lastname='Фамилия 0', homephone='89810', groups=[GroupData{id='179', name='666'}], address='Адрес 0'}]&gt;" type="java.lang.AssertionError">java.lang.AssertionError: 
Expected: &lt;[ContactData{id=308, firstname='Name 0', lastname='Surname 0', homephone='89810', groups=[GroupData{id='179', name='666'}], address='Address 0'}, ContactData{id=307, firstname='Name 2', lastname='Surname 2', homephone='89812', groups=[GroupData{id='179', name='666'}], address='Address 2'}, ContactData{id=297, firstname='Имя 1', lastname='Фамилия 1', homephone='89811', groups=[GroupData{id='179', name='666'}], address='Адрес 1'}, ContactData{id=301, firstname='Имя 2', lastname='Фамилия 2', homephone='89812', groups=[GroupData{id='179', name='666'}], address='Адрес 2'}, ContactData{id=290, firstname='Имя 0', lastname='Фамилия 0', homephone='89810', groups=[GroupData{id='179', name='666'}], address='Адрес 0'}, ContactData{id=289, firstname='Имя 2', lastname='Фамилия 2', homephone='89812', groups=[], address='Адрес 2'}, ContactData{id=294, firstname='Имя 1', lastname='Фамилия 1', homephone='89811', groups=[GroupData{id='179', name='666'}], address='Адрес 1'}, ContactData{id=306, firstname='Name 1', lastname='Surname 1', homephone='89811', groups=[GroupData{id='179', name='666'}], address='Address 1'}, ContactData{id=309, firstname='Name 1', lastname='Surname 1', homephone='89811', groups=[GroupData{id='196', name='666'}], address='Address 1'}, ContactData{id=287, firstname='Имя 0', lastname='Фамилия 0', homephone='89810', groups=[GroupData{id='179', name='666'}], address='Адрес 0'}, ContactData{id=291, firstname='Имя 1', lastname='Фамилия 1', homephone='89811', groups=[GroupData{id='179', name='666'}], address='Адрес 1'}, ContactData{id=295, firstname='Имя 2', lastname='Фамилия 2', homephone='89812', groups=[GroupData{id='179', name='666'}], address='Адрес 2'}, ContactData{id=303, firstname='Р�РјСЏ 1', lastname='Р¤Р°РјРёР»РёСЏ 1', homephone='89811', groups=[GroupData{id='179', name='666'}], address='РђРґСЂРµСЃ 1'}, ContactData{id=304, firstname='Р�РјСЏ 2', lastname='Р¤Р°РјРёР»РёСЏ 2', homephone='89812', groups=[GroupData{id='179', name='666'}], address='РђРґСЂРµСЃ 2'}, ContactData{id=293, firstname='Имя 0', lastname='Фамилия 0', homephone='89810', groups=[GroupData{id='189', name='test 2'}, GroupData{id='179', name='666'}], address='Адрес 0'}, ContactData{id=302, firstname='Р�РјСЏ 0', lastname='Р¤Р°РјРёР»РёСЏ 0', homephone='89810', groups=[GroupData{id='179', name='666'}], address='РђРґСЂРµСЃ 0'}, ContactData{id=296, firstname='Имя 0', lastname='Фамилия 0', homephone='89810', groups=[GroupData{id='179', name='666'}], address='Адрес 0'}, ContactData{id=299, firstname='Имя 0', lastname='Фамилия 0', homephone='89810', groups=[GroupData{id='179', name='666'}], address='Адрес 0'}]&gt;
     but: was &lt;[ContactData{id=308, firstname='Name 0', lastname='Surname 0', homephone='89810', groups=[GroupData{id='179', name='666'}], address='Address 0'}, ContactData{id=307, firstname='Name 2', lastname='Surname 2', homephone='89812', groups=[GroupData{id='179', name='666'}], address='Address 2'}, ContactData{id=297, firstname='Имя 1', lastname='Фамилия 1', homephone='89811', groups=[GroupData{id='179', name='666'}], address='Адрес 1'}, ContactData{id=301, firstname='Имя 2', lastname='Фамилия 2', homephone='89812', groups=[GroupData{id='179', name='666'}], address='Адрес 2'}, ContactData{id=290, firstname='Имя 0', lastname='Фамилия 0', homephone='89810', groups=[GroupData{id='179', name='666'}], address='Адрес 0'}, ContactData{id=289, firstname='Имя 2', lastname='Фамилия 2', homephone='89812', groups=[], address='Адрес 2'}, ContactData{id=294, firstname='Имя 1', lastname='Фамилия 1', homephone='89811', groups=[GroupData{id='179', name='666'}], address='Адрес 1'}, ContactData{id=306, firstname='Name 1', lastname='Surname 1', homephone='89811', groups=[GroupData{id='179', name='666'}], address='Address 1'}, ContactData{id=309, firstname='Name 1', lastname='Surname 1', homephone='89811', groups=[GroupData{id='179', name='666'}], address='Address 1'}, ContactData{id=287, firstname='Имя 0', lastname='Фамилия 0', homephone='89810', groups=[GroupData{id='179', name='666'}], address='Адрес 0'}, ContactData{id=291, firstname='Имя 1', lastname='Фамилия 1', homephone='89811', groups=[GroupData{id='179', name='666'}], address='Адрес 1'}, ContactData{id=295, firstname='Имя 2', lastname='Фамилия 2', homephone='89812', groups=[GroupData{id='179', name='666'}], address='Адрес 2'}, ContactData{id=303, firstname='Р�РјСЏ 1', lastname='Р¤Р°РјРёР»РёСЏ 1', homephone='89811', groups=[GroupData{id='179', name='666'}], address='РђРґСЂРµСЃ 1'}, ContactData{id=304, firstname='Р�РјСЏ 2', lastname='Р¤Р°РјРёР»РёСЏ 2', homephone='89812', groups=[GroupData{id='179', name='666'}], address='РђРґСЂРµСЃ 2'}, ContactData{id=293, firstname='Имя 0', lastname='Фамилия 0', homephone='89810', groups=[GroupData{id='189', name='test 2'}, GroupData{id='179', name='666'}], address='Адрес 0'}, ContactData{id=302, firstname='Р�РјСЏ 0', lastname='Р¤Р°РјРёР»РёСЏ 0', homephone='89810', groups=[GroupData{id='179', name='666'}], address='РђРґСЂРµСЃ 0'}, ContactData{id=296, firstname='Имя 0', lastname='Фамилия 0', homephone='89810', groups=[GroupData{id='179', name='666'}], address='Адрес 0'}, ContactData{id=299, firstname='Имя 0', lastname='Фамилия 0', homephone='89810', groups=[GroupData{id='179', name='666'}], address='Адрес 0'}]&gt;
	at org.hamcrest.MatcherAssert.assertThat(MatcherAssert.java:18)
	at org.hamcrest.MatcherAssert.assertThat(MatcherAssert.java:6)
	at ru.stqa.pft.addressbook.tests.ContactCreationTests.testContactCreationTests(ContactCreationTests.java:72)
	at sun.reflect.NativeMethodAccessorImpl.invoke0(Native Method)
	at sun.reflect.NativeMethodAccessorImpl.invoke(NativeMethodAccessorImpl.java:62)
	at sun.reflect.DelegatingMethodAccessorImpl.invoke(DelegatingMethodAccessorImpl.java:43)
	at java.lang.reflect.Method.invoke(Method.java:498)
	at org.testng.internal.MethodInvocationHelper.invokeMethod(MethodInvocationHelper.java:131)
	at org.testng.internal.Invoker.invokeMethod(Invoker.java:658)
	at org.testng.internal.Invoker.invokeTestMethod(Invoker.java:792)
	at org.testng.internal.Invoker.invokeTestMethods(Invoker.java:1103)
	at org.testng.internal.TestMethodWorker.invokeTestMethods(TestMethodWorker.java:140)
	at org.testng.internal.TestMethodWorker.run(TestMethodWorker.java:122)
	at org.testng.TestRunner.privateRun(TestRunner.java:739)
	at org.testng.TestRunner.run(TestRunner.java:589)
	at org.testng.SuiteRunner.runTest(SuiteRunner.java:398)
	at org.testng.SuiteRunner.runSequentially(SuiteRunner.java:392)
	at org.testng.SuiteRunner.privateRun(SuiteRunner.java:354)
	at org.testng.SuiteRunner.run(SuiteRunner.java:302)
	at org.testng.SuiteRunnerWorker.runSuite(SuiteRunnerWorker.java:53)
	at org.testng.SuiteRunnerWorker.run(SuiteRunnerWorker.java:96)
	at org.testng.TestNG.runSuitesSequentially(TestNG.java:1145)
	at org.testng.TestNG.runSuitesLocally(TestNG.java:1067)
	at org.testng.TestNG.runSuites(TestNG.java:997)
	at org.testng.TestNG.run(TestNG.java:965)
	at org.gradle.api.internal.tasks.testing.testng.TestNGTestClassProcessor.runTests(TestNGTestClassProcessor.java:139)
	at org.gradle.api.internal.tasks.testing.testng.TestNGTestClassProcessor.stop(TestNGTestClassProcessor.java:89)
	at org.gradle.api.internal.tasks.testing.SuiteTestClassProcessor.stop(SuiteTestClassProcessor.java:61)
	at sun.reflect.NativeMethodAccessorImpl.invoke0(Native Method)
	at sun.reflect.NativeMethodAccessorImpl.invoke(NativeMethodAccessorImpl.java:62)
	at sun.reflect.DelegatingMethodAccessorImpl.invoke(DelegatingMethodAccessorImpl.java:43)
	at java.lang.reflect.Method.invoke(Method.java:498)
	at org.gradle.internal.dispatch.ReflectionDispatch.dispatch(ReflectionDispatch.java:35)
	at org.gradle.internal.dispatch.ReflectionDispatch.dispatch(ReflectionDispatch.java:24)
	at org.gradle.internal.dispatch.ContextClassLoaderDispatch.dispatch(ContextClassLoaderDispatch.java:32)
	at org.gradle.internal.dispatch.ProxyDispatchAdapter$DispatchingInvocationHandler.invoke(ProxyDispatchAdapter.java:93)
	at com.sun.proxy.$Proxy2.stop(Unknown Source)
	at org.gradle.api.internal.tasks.testing.worker.TestWorker.stop(TestWorker.java:131)
	at sun.reflect.NativeMethodAccessorImpl.invoke0(Native Method)
	at sun.reflect.NativeMethodAccessorImpl.invoke(NativeMethodAccessorImpl.java:62)
	at sun.reflect.DelegatingMethodAccessorImpl.invoke(DelegatingMethodAccessorImpl.java:43)
	at java.lang.reflect.Method.invoke(Method.java:498)
	at org.gradle.internal.dispatch.ReflectionDispatch.dispatch(ReflectionDispatch.java:35)
	at org.gradle.internal.dispatch.ReflectionDispatch.dispatch(ReflectionDispatch.java:24)
	at org.gradle.internal.remote.internal.hub.MessageHubBackedObjectConnection$DispatchWrapper.dispatch(MessageHubBackedObjectConnection.java:155)
	at org.gradle.internal.remote.internal.hub.MessageHubBackedObjectConnection$DispatchWrapper.dispatch(MessageHubBackedObjectConnection.java:137)
	at org.gradle.internal.remote.internal.hub.MessageHub$Handler.run(MessageHub.java:404)
	at org.gradle.internal.concurrent.ExecutorPolicy$CatchAndRecordFailures.onExecute(ExecutorPolicy.java:63)
	at org.gradle.internal.concurrent.ManagedExecutorImpl$1.run(ManagedExecutorImpl.java:46)
	at java.util.concurrent.ThreadPoolExecutor.runWorker(ThreadPoolExecutor.java:1149)
	at java.util.concurrent.ThreadPoolExecutor$Worker.run(ThreadPoolExecutor.java:624)
	at org.gradle.internal.concurrent.ThreadFactoryImpl$ManagedThreadRunnable.run(ThreadFactoryImpl.java:55)
	at java.lang.Thread.run(Thread.java:748)
</failure>
  </testcase>
  <testcase name="testContactCreationTests[2](ContactData{id=2147483647, firstname='Name 2', lastname='Surname 2', homephone='89812', groups=[], address='Address 2'})" classname="ru.stqa.pft.addressbook.tests.ContactCreationTests" time="2.591">
    <failure message="java.lang.AssertionError: &#10;Expected: &lt;[ContactData{id=308, firstname='Name 0', lastname='Surname 0', homephone='89810', groups=[GroupData{id='179', name='666'}], address='Address 0'}, ContactData{id=307, firstname='Name 2', lastname='Surname 2', homephone='89812', groups=[GroupData{id='179', name='666'}], address='Address 2'}, ContactData{id=297, firstname='Имя 1', lastname='Фамилия 1', homephone='89811', groups=[GroupData{id='179', name='666'}], address='Адрес 1'}, ContactData{id=301, firstname='Имя 2', lastname='Фамилия 2', homephone='89812', groups=[GroupData{id='179', name='666'}], address='Адрес 2'}, ContactData{id=290, firstname='Имя 0', lastname='Фамилия 0', homephone='89810', groups=[GroupData{id='179', name='666'}], address='Адрес 0'}, ContactData{id=310, firstname='Name 2', lastname='Surname 2', homephone='89812', groups=[GroupData{id='196', name='666'}], address='Address 2'}, ContactData{id=289, firstname='Имя 2', lastname='Фамилия 2', homephone='89812', groups=[], address='Адрес 2'}, ContactData{id=294, firstname='Имя 1', lastname='Фамилия 1', homephone='89811', groups=[GroupData{id='179', name='666'}], address='Адрес 1'}, ContactData{id=306, firstname='Name 1', lastname='Surname 1', homephone='89811', groups=[GroupData{id='179', name='666'}], address='Address 1'}, ContactData{id=309, firstname='Name 1', lastname='Surname 1', homephone='89811', groups=[GroupData{id='179', name='666'}], address='Address 1'}, ContactData{id=287, firstname='Имя 0', lastname='Фамилия 0', homephone='89810', groups=[GroupData{id='179', name='666'}], address='Адрес 0'}, ContactData{id=291, firstname='Имя 1', lastname='Фамилия 1', homephone='89811', groups=[GroupData{id='179', name='666'}], address='Адрес 1'}, ContactData{id=295, firstname='Имя 2', lastname='Фамилия 2', homephone='89812', groups=[GroupData{id='179', name='666'}], address='Адрес 2'}, ContactData{id=303, firstname='Р�РјСЏ 1', lastname='Р¤Р°РјРёР»РёСЏ 1', homephone='89811', groups=[GroupData{id='179', name='666'}], address='РђРґСЂРµСЃ 1'}, ContactData{id=304, firstname='Р�РјСЏ 2', lastname='Р¤Р°РјРёР»РёСЏ 2', homephone='89812', groups=[GroupData{id='179', name='666'}], address='РђРґСЂРµСЃ 2'}, ContactData{id=293, firstname='Имя 0', lastname='Фамилия 0', homephone='89810', groups=[GroupData{id='189', name='test 2'}, GroupData{id='179', name='666'}], address='Адрес 0'}, ContactData{id=302, firstname='Р�РјСЏ 0', lastname='Р¤Р°РјРёР»РёСЏ 0', homephone='89810', groups=[GroupData{id='179', name='666'}], address='РђРґСЂРµСЃ 0'}, ContactData{id=296, firstname='Имя 0', lastname='Фамилия 0', homephone='89810', groups=[GroupData{id='179', name='666'}], address='Адрес 0'}, ContactData{id=299, firstname='Имя 0', lastname='Фамилия 0', homephone='89810', groups=[GroupData{id='179', name='666'}], address='Адрес 0'}]&gt;&#10;     but: was &lt;[ContactData{id=308, firstname='Name 0', lastname='Surname 0', homephone='89810', groups=[GroupData{id='179', name='666'}], address='Address 0'}, ContactData{id=307, firstname='Name 2', lastname='Surname 2', homephone='89812', groups=[GroupData{id='179', name='666'}], address='Address 2'}, ContactData{id=297, firstname='Имя 1', lastname='Фамилия 1', homephone='89811', groups=[GroupData{id='179', name='666'}], address='Адрес 1'}, ContactData{id=301, firstname='Имя 2', lastname='Фамилия 2', homephone='89812', groups=[GroupData{id='179', name='666'}], address='Адрес 2'}, ContactData{id=290, firstname='Имя 0', lastname='Фамилия 0', homephone='89810', groups=[GroupData{id='179', name='666'}], address='Адрес 0'}, ContactData{id=310, firstname='Name 2', lastname='Surname 2', homephone='89812', groups=[GroupData{id='179', name='666'}], address='Address 2'}, ContactData{id=289, firstname='Имя 2', lastname='Фамилия 2', homephone='89812', groups=[], address='Адрес 2'}, ContactData{id=294, firstname='Имя 1', lastname='Фамилия 1', homephone='89811', groups=[GroupData{id='179', name='666'}], address='Адрес 1'}, ContactData{id=306, firstname='Name 1', lastname='Surname 1', homephone='89811', groups=[GroupData{id='179', name='666'}], address='Address 1'}, ContactData{id=309, firstname='Name 1', lastname='Surname 1', homephone='89811', groups=[GroupData{id='179', name='666'}], address='Address 1'}, ContactData{id=287, firstname='Имя 0', lastname='Фамилия 0', homephone='89810', groups=[GroupData{id='179', name='666'}], address='Адрес 0'}, ContactData{id=291, firstname='Имя 1', lastname='Фамилия 1', homephone='89811', groups=[GroupData{id='179', name='666'}], address='Адрес 1'}, ContactData{id=295, firstname='Имя 2', lastname='Фамилия 2', homephone='89812', groups=[GroupData{id='179', name='666'}], address='Адрес 2'}, ContactData{id=303, firstname='Р�РјСЏ 1', lastname='Р¤Р°РјРёР»РёСЏ 1', homephone='89811', groups=[GroupData{id='179', name='666'}], address='РђРґСЂРµСЃ 1'}, ContactData{id=304, firstname='Р�РјСЏ 2', lastname='Р¤Р°РјРёР»РёСЏ 2', homephone='89812', groups=[GroupData{id='179', name='666'}], address='РђРґСЂРµСЃ 2'}, ContactData{id=293, firstname='Имя 0', lastname='Фамилия 0', homephone='89810', groups=[GroupData{id='189', name='test 2'}, GroupData{id='179', name='666'}], address='Адрес 0'}, ContactData{id=302, firstname='Р�РјСЏ 0', lastname='Р¤Р°РјРёР»РёСЏ 0', homephone='89810', groups=[GroupData{id='179', name='666'}], address='РђРґСЂРµСЃ 0'}, ContactData{id=296, firstname='Имя 0', lastname='Фамилия 0', homephone='89810', groups=[GroupData{id='179', name='666'}], address='Адрес 0'}, ContactData{id=299, firstname='Имя 0', lastname='Фамилия 0', homephone='89810', groups=[GroupData{id='179', name='666'}], address='Адрес 0'}]&gt;" type="java.lang.AssertionError">java.lang.AssertionError: 
Expected: &lt;[ContactData{id=308, firstname='Name 0', lastname='Surname 0', homephone='89810', groups=[GroupData{id='179', name='666'}], address='Address 0'}, ContactData{id=307, firstname='Name 2', lastname='Surname 2', homephone='89812', groups=[GroupData{id='179', name='666'}], address='Address 2'}, ContactData{id=297, firstname='Имя 1', lastname='Фамилия 1', homephone='89811', groups=[GroupData{id='179', name='666'}], address='Адрес 1'}, ContactData{id=301, firstname='Имя 2', lastname='Фамилия 2', homephone='89812', groups=[GroupData{id='179', name='666'}], address='Адрес 2'}, ContactData{id=290, firstname='Имя 0', lastname='Фамилия 0', homephone='89810', groups=[GroupData{id='179', name='666'}], address='Адрес 0'}, ContactData{id=310, firstname='Name 2', lastname='Surname 2', homephone='89812', groups=[GroupData{id='196', name='666'}], address='Address 2'}, ContactData{id=289, firstname='Имя 2', lastname='Фамилия 2', homephone='89812', groups=[], address='Адрес 2'}, ContactData{id=294, firstname='Имя 1', lastname='Фамилия 1', homephone='89811', groups=[GroupData{id='179', name='666'}], address='Адрес 1'}, ContactData{id=306, firstname='Name 1', lastname='Surname 1', homephone='89811', groups=[GroupData{id='179', name='666'}], address='Address 1'}, ContactData{id=309, firstname='Name 1', lastname='Surname 1', homephone='89811', groups=[GroupData{id='179', name='666'}], address='Address 1'}, ContactData{id=287, firstname='Имя 0', lastname='Фамилия 0', homephone='89810', groups=[GroupData{id='179', name='666'}], address='Адрес 0'}, ContactData{id=291, firstname='Имя 1', lastname='Фамилия 1', homephone='89811', groups=[GroupData{id='179', name='666'}], address='Адрес 1'}, ContactData{id=295, firstname='Имя 2', lastname='Фамилия 2', homephone='89812', groups=[GroupData{id='179', name='666'}], address='Адрес 2'}, ContactData{id=303, firstname='Р�РјСЏ 1', lastname='Р¤Р°РјРёР»РёСЏ 1', homephone='89811', groups=[GroupData{id='179', name='666'}], address='РђРґСЂРµСЃ 1'}, ContactData{id=304, firstname='Р�РјСЏ 2', lastname='Р¤Р°РјРёР»РёСЏ 2', homephone='89812', groups=[GroupData{id='179', name='666'}], address='РђРґСЂРµСЃ 2'}, ContactData{id=293, firstname='Имя 0', lastname='Фамилия 0', homephone='89810', groups=[GroupData{id='189', name='test 2'}, GroupData{id='179', name='666'}], address='Адрес 0'}, ContactData{id=302, firstname='Р�РјСЏ 0', lastname='Р¤Р°РјРёР»РёСЏ 0', homephone='89810', groups=[GroupData{id='179', name='666'}], address='РђРґСЂРµСЃ 0'}, ContactData{id=296, firstname='Имя 0', lastname='Фамилия 0', homephone='89810', groups=[GroupData{id='179', name='666'}], address='Адрес 0'}, ContactData{id=299, firstname='Имя 0', lastname='Фамилия 0', homephone='89810', groups=[GroupData{id='179', name='666'}], address='Адрес 0'}]&gt;
     but: was &lt;[ContactData{id=308, firstname='Name 0', lastname='Surname 0', homephone='89810', groups=[GroupData{id='179', name='666'}], address='Address 0'}, ContactData{id=307, firstname='Name 2', lastname='Surname 2', homephone='89812', groups=[GroupData{id='179', name='666'}], address='Address 2'}, ContactData{id=297, firstname='Имя 1', lastname='Фамилия 1', homephone='89811', groups=[GroupData{id='179', name='666'}], address='Адрес 1'}, ContactData{id=301, firstname='Имя 2', lastname='Фамилия 2', homephone='89812', groups=[GroupData{id='179', name='666'}], address='Адрес 2'}, ContactData{id=290, firstname='Имя 0', lastname='Фамилия 0', homephone='89810', groups=[GroupData{id='179', name='666'}], address='Адрес 0'}, ContactData{id=310, firstname='Name 2', lastname='Surname 2', homephone='89812', groups=[GroupData{id='179', name='666'}], address='Address 2'}, ContactData{id=289, firstname='Имя 2', lastname='Фамилия 2', homephone='89812', groups=[], address='Адрес 2'}, ContactData{id=294, firstname='Имя 1', lastname='Фамилия 1', homephone='89811', groups=[GroupData{id='179', name='666'}], address='Адрес 1'}, ContactData{id=306, firstname='Name 1', lastname='Surname 1', homephone='89811', groups=[GroupData{id='179', name='666'}], address='Address 1'}, ContactData{id=309, firstname='Name 1', lastname='Surname 1', homephone='89811', groups=[GroupData{id='179', name='666'}], address='Address 1'}, ContactData{id=287, firstname='Имя 0', lastname='Фамилия 0', homephone='89810', groups=[GroupData{id='179', name='666'}], address='Адрес 0'}, ContactData{id=291, firstname='Имя 1', lastname='Фамилия 1', homephone='89811', groups=[GroupData{id='179', name='666'}], address='Адрес 1'}, ContactData{id=295, firstname='Имя 2', lastname='Фамилия 2', homephone='89812', groups=[GroupData{id='179', name='666'}], address='Адрес 2'}, ContactData{id=303, firstname='Р�РјСЏ 1', lastname='Р¤Р°РјРёР»РёСЏ 1', homephone='89811', groups=[GroupData{id='179', name='666'}], address='РђРґСЂРµСЃ 1'}, ContactData{id=304, firstname='Р�РјСЏ 2', lastname='Р¤Р°РјРёР»РёСЏ 2', homephone='89812', groups=[GroupData{id='179', name='666'}], address='РђРґСЂРµСЃ 2'}, ContactData{id=293, firstname='Имя 0', lastname='Фамилия 0', homephone='89810', groups=[GroupData{id='189', name='test 2'}, GroupData{id='179', name='666'}], address='Адрес 0'}, ContactData{id=302, firstname='Р�РјСЏ 0', lastname='Р¤Р°РјРёР»РёСЏ 0', homephone='89810', groups=[GroupData{id='179', name='666'}], address='РђРґСЂРµСЃ 0'}, ContactData{id=296, firstname='Имя 0', lastname='Фамилия 0', homephone='89810', groups=[GroupData{id='179', name='666'}], address='Адрес 0'}, ContactData{id=299, firstname='Имя 0', lastname='Фамилия 0', homephone='89810', groups=[GroupData{id='179', name='666'}], address='Адрес 0'}]&gt;
	at org.hamcrest.MatcherAssert.assertThat(MatcherAssert.java:18)
	at org.hamcrest.MatcherAssert.assertThat(MatcherAssert.java:6)
	at ru.stqa.pft.addressbook.tests.ContactCreationTests.testContactCreationTests(ContactCreationTests.java:72)
	at sun.reflect.NativeMethodAccessorImpl.invoke0(Native Method)
	at sun.reflect.NativeMethodAccessorImpl.invoke(NativeMethodAccessorImpl.java:62)
	at sun.reflect.DelegatingMethodAccessorImpl.invoke(DelegatingMethodAccessorImpl.java:43)
	at java.lang.reflect.Method.invoke(Method.java:498)
	at org.testng.internal.MethodInvocationHelper.invokeMethod(MethodInvocationHelper.java:131)
	at org.testng.internal.Invoker.invokeMethod(Invoker.java:658)
	at org.testng.internal.Invoker.invokeTestMethod(Invoker.java:792)
	at org.testng.internal.Invoker.invokeTestMethods(Invoker.java:1103)
	at org.testng.internal.TestMethodWorker.invokeTestMethods(TestMethodWorker.java:140)
	at org.testng.internal.TestMethodWorker.run(TestMethodWorker.java:122)
	at org.testng.TestRunner.privateRun(TestRunner.java:739)
	at org.testng.TestRunner.run(TestRunner.java:589)
	at org.testng.SuiteRunner.runTest(SuiteRunner.java:398)
	at org.testng.SuiteRunner.runSequentially(SuiteRunner.java:392)
	at org.testng.SuiteRunner.privateRun(SuiteRunner.java:354)
	at org.testng.SuiteRunner.run(SuiteRunner.java:302)
	at org.testng.SuiteRunnerWorker.runSuite(SuiteRunnerWorker.java:53)
	at org.testng.SuiteRunnerWorker.run(SuiteRunnerWorker.java:96)
	at org.testng.TestNG.runSuitesSequentially(TestNG.java:1145)
	at org.testng.TestNG.runSuitesLocally(TestNG.java:1067)
	at org.testng.TestNG.runSuites(TestNG.java:997)
	at org.testng.TestNG.run(TestNG.java:965)
	at org.gradle.api.internal.tasks.testing.testng.TestNGTestClassProcessor.runTests(TestNGTestClassProcessor.java:139)
	at org.gradle.api.internal.tasks.testing.testng.TestNGTestClassProcessor.stop(TestNGTestClassProcessor.java:89)
	at org.gradle.api.internal.tasks.testing.SuiteTestClassProcessor.stop(SuiteTestClassProcessor.java:61)
	at sun.reflect.NativeMethodAccessorImpl.invoke0(Native Method)
	at sun.reflect.NativeMethodAccessorImpl.invoke(NativeMethodAccessorImpl.java:62)
	at sun.reflect.DelegatingMethodAccessorImpl.invoke(DelegatingMethodAccessorImpl.java:43)
	at java.lang.reflect.Method.invoke(Method.java:498)
	at org.gradle.internal.dispatch.ReflectionDispatch.dispatch(ReflectionDispatch.java:35)
	at org.gradle.internal.dispatch.ReflectionDispatch.dispatch(ReflectionDispatch.java:24)
	at org.gradle.internal.dispatch.ContextClassLoaderDispatch.dispatch(ContextClassLoaderDispatch.java:32)
	at org.gradle.internal.dispatch.ProxyDispatchAdapter$DispatchingInvocationHandler.invoke(ProxyDispatchAdapter.java:93)
	at com.sun.proxy.$Proxy2.stop(Unknown Source)
	at org.gradle.api.internal.tasks.testing.worker.TestWorker.stop(TestWorker.java:131)
	at sun.reflect.NativeMethodAccessorImpl.invoke0(Native Method)
	at sun.reflect.NativeMethodAccessorImpl.invoke(NativeMethodAccessorImpl.java:62)
	at sun.reflect.DelegatingMethodAccessorImpl.invoke(DelegatingMethodAccessorImpl.java:43)
	at java.lang.reflect.Method.invoke(Method.java:498)
	at org.gradle.internal.dispatch.ReflectionDispatch.dispatch(ReflectionDispatch.java:35)
	at org.gradle.internal.dispatch.ReflectionDispatch.dispatch(ReflectionDispatch.java:24)
	at org.gradle.internal.remote.internal.hub.MessageHubBackedObjectConnection$DispatchWrapper.dispatch(MessageHubBackedObjectConnection.java:155)
	at org.gradle.internal.remote.internal.hub.MessageHubBackedObjectConnection$DispatchWrapper.dispatch(MessageHubBackedObjectConnection.java:137)
	at org.gradle.internal.remote.internal.hub.MessageHub$Handler.run(MessageHub.java:404)
	at org.gradle.internal.concurrent.ExecutorPolicy$CatchAndRecordFailures.onExecute(ExecutorPolicy.java:63)
	at org.gradle.internal.concurrent.ManagedExecutorImpl$1.run(ManagedExecutorImpl.java:46)
	at java.util.concurrent.ThreadPoolExecutor.runWorker(ThreadPoolExecutor.java:1149)
	at java.util.concurrent.ThreadPoolExecutor$Worker.run(ThreadPoolExecutor.java:624)
	at org.gradle.internal.concurrent.ThreadFactoryImpl$ManagedThreadRunnable.run(ThreadFactoryImpl.java:55)
	at java.lang.Thread.run(Thread.java:748)
</failure>
  </testcase>
  <system-out><![CDATA[12:58:00.074 [Test worker] INFO  r.s.pft.addressbook.tests.TestBase - Start test testContactCreationTests With parameters [ContactData{id=2147483647, firstname='Name 0', lastname='Surname 0', homephone='89810', groups=[], address='Address 0'}]
Hibernate: select groupdata0_.group_id as group_id1_2_, groupdata0_.group_footer as group_fo2_2_, groupdata0_.group_header as group_he3_2_, groupdata0_.group_name as group_na4_2_ from group_list groupdata0_
Hibernate: select contactdat0_.id as id1_1_, contactdat0_.address as address2_1_, contactdat0_.firstname as firstnam3_1_, contactdat0_.home as home4_1_, contactdat0_.lastname as lastname5_1_, contactdat0_.mobile as mobile6_1_, contactdat0_.photo as photo7_1_, contactdat0_.work as work8_1_ from addressbook contactdat0_ where deprecated=0
Hibernate: select groups0_.id as id1_0_0_, groups0_.group_id as group_id2_0_0_, groupdata1_.group_id as group_id1_2_1_, groupdata1_.group_footer as group_fo2_2_1_, groupdata1_.group_header as group_he3_2_1_, groupdata1_.group_name as group_na4_2_1_ from address_in_groups groups0_ inner join group_list groupdata1_ on groups0_.group_id=groupdata1_.group_id where groups0_.id=?
Hibernate: select groups0_.id as id1_0_0_, groups0_.group_id as group_id2_0_0_, groupdata1_.group_id as group_id1_2_1_, groupdata1_.group_footer as group_fo2_2_1_, groupdata1_.group_header as group_he3_2_1_, groupdata1_.group_name as group_na4_2_1_ from address_in_groups groups0_ inner join group_list groupdata1_ on groups0_.group_id=groupdata1_.group_id where groups0_.id=?
Hibernate: select groups0_.id as id1_0_0_, groups0_.group_id as group_id2_0_0_, groupdata1_.group_id as group_id1_2_1_, groupdata1_.group_footer as group_fo2_2_1_, groupdata1_.group_header as group_he3_2_1_, groupdata1_.group_name as group_na4_2_1_ from address_in_groups groups0_ inner join group_list groupdata1_ on groups0_.group_id=groupdata1_.group_id where groups0_.id=?
Hibernate: select groups0_.id as id1_0_0_, groups0_.group_id as group_id2_0_0_, groupdata1_.group_id as group_id1_2_1_, groupdata1_.group_footer as group_fo2_2_1_, groupdata1_.group_header as group_he3_2_1_, groupdata1_.group_name as group_na4_2_1_ from address_in_groups groups0_ inner join group_list groupdata1_ on groups0_.group_id=groupdata1_.group_id where groups0_.id=?
Hibernate: select groups0_.id as id1_0_0_, groups0_.group_id as group_id2_0_0_, groupdata1_.group_id as group_id1_2_1_, groupdata1_.group_footer as group_fo2_2_1_, groupdata1_.group_header as group_he3_2_1_, groupdata1_.group_name as group_na4_2_1_ from address_in_groups groups0_ inner join group_list groupdata1_ on groups0_.group_id=groupdata1_.group_id where groups0_.id=?
Hibernate: select groups0_.id as id1_0_0_, groups0_.group_id as group_id2_0_0_, groupdata1_.group_id as group_id1_2_1_, groupdata1_.group_footer as group_fo2_2_1_, groupdata1_.group_header as group_he3_2_1_, groupdata1_.group_name as group_na4_2_1_ from address_in_groups groups0_ inner join group_list groupdata1_ on groups0_.group_id=groupdata1_.group_id where groups0_.id=?
Hibernate: select groups0_.id as id1_0_0_, groups0_.group_id as group_id2_0_0_, groupdata1_.group_id as group_id1_2_1_, groupdata1_.group_footer as group_fo2_2_1_, groupdata1_.group_header as group_he3_2_1_, groupdata1_.group_name as group_na4_2_1_ from address_in_groups groups0_ inner join group_list groupdata1_ on groups0_.group_id=groupdata1_.group_id where groups0_.id=?
Hibernate: select groups0_.id as id1_0_0_, groups0_.group_id as group_id2_0_0_, groupdata1_.group_id as group_id1_2_1_, groupdata1_.group_footer as group_fo2_2_1_, groupdata1_.group_header as group_he3_2_1_, groupdata1_.group_name as group_na4_2_1_ from address_in_groups groups0_ inner join group_list groupdata1_ on groups0_.group_id=groupdata1_.group_id where groups0_.id=?
Hibernate: select groups0_.id as id1_0_0_, groups0_.group_id as group_id2_0_0_, groupdata1_.group_id as group_id1_2_1_, groupdata1_.group_footer as group_fo2_2_1_, groupdata1_.group_header as group_he3_2_1_, groupdata1_.group_name as group_na4_2_1_ from address_in_groups groups0_ inner join group_list groupdata1_ on groups0_.group_id=groupdata1_.group_id where groups0_.id=?
Hibernate: select groups0_.id as id1_0_0_, groups0_.group_id as group_id2_0_0_, groupdata1_.group_id as group_id1_2_1_, groupdata1_.group_footer as group_fo2_2_1_, groupdata1_.group_header as group_he3_2_1_, groupdata1_.group_name as group_na4_2_1_ from address_in_groups groups0_ inner join group_list groupdata1_ on groups0_.group_id=groupdata1_.group_id where groups0_.id=?
Hibernate: select groups0_.id as id1_0_0_, groups0_.group_id as group_id2_0_0_, groupdata1_.group_id as group_id1_2_1_, groupdata1_.group_footer as group_fo2_2_1_, groupdata1_.group_header as group_he3_2_1_, groupdata1_.group_name as group_na4_2_1_ from address_in_groups groups0_ inner join group_list groupdata1_ on groups0_.group_id=groupdata1_.group_id where groups0_.id=?
Hibernate: select groups0_.id as id1_0_0_, groups0_.group_id as group_id2_0_0_, groupdata1_.group_id as group_id1_2_1_, groupdata1_.group_footer as group_fo2_2_1_, groupdata1_.group_header as group_he3_2_1_, groupdata1_.group_name as group_na4_2_1_ from address_in_groups groups0_ inner join group_list groupdata1_ on groups0_.group_id=groupdata1_.group_id where groups0_.id=?
Hibernate: select groups0_.id as id1_0_0_, groups0_.group_id as group_id2_0_0_, groupdata1_.group_id as group_id1_2_1_, groupdata1_.group_footer as group_fo2_2_1_, groupdata1_.group_header as group_he3_2_1_, groupdata1_.group_name as group_na4_2_1_ from address_in_groups groups0_ inner join group_list groupdata1_ on groups0_.group_id=groupdata1_.group_id where groups0_.id=?
Hibernate: select groups0_.id as id1_0_0_, groups0_.group_id as group_id2_0_0_, groupdata1_.group_id as group_id1_2_1_, groupdata1_.group_footer as group_fo2_2_1_, groupdata1_.group_header as group_he3_2_1_, groupdata1_.group_name as group_na4_2_1_ from address_in_groups groups0_ inner join group_list groupdata1_ on groups0_.group_id=groupdata1_.group_id where groups0_.id=?
Hibernate: select groups0_.id as id1_0_0_, groups0_.group_id as group_id2_0_0_, groupdata1_.group_id as group_id1_2_1_, groupdata1_.group_footer as group_fo2_2_1_, groupdata1_.group_header as group_he3_2_1_, groupdata1_.group_name as group_na4_2_1_ from address_in_groups groups0_ inner join group_list groupdata1_ on groups0_.group_id=groupdata1_.group_id where groups0_.id=?
Hibernate: select groups0_.id as id1_0_0_, groups0_.group_id as group_id2_0_0_, groupdata1_.group_id as group_id1_2_1_, groupdata1_.group_footer as group_fo2_2_1_, groupdata1_.group_header as group_he3_2_1_, groupdata1_.group_name as group_na4_2_1_ from address_in_groups groups0_ inner join group_list groupdata1_ on groups0_.group_id=groupdata1_.group_id where groups0_.id=?
Hibernate: select contactdat0_.id as id1_1_, contactdat0_.address as address2_1_, contactdat0_.firstname as firstnam3_1_, contactdat0_.home as home4_1_, contactdat0_.lastname as lastname5_1_, contactdat0_.mobile as mobile6_1_, contactdat0_.photo as photo7_1_, contactdat0_.work as work8_1_ from addressbook contactdat0_ where deprecated=0
Hibernate: select groups0_.id as id1_0_0_, groups0_.group_id as group_id2_0_0_, groupdata1_.group_id as group_id1_2_1_, groupdata1_.group_footer as group_fo2_2_1_, groupdata1_.group_header as group_he3_2_1_, groupdata1_.group_name as group_na4_2_1_ from address_in_groups groups0_ inner join group_list groupdata1_ on groups0_.group_id=groupdata1_.group_id where groups0_.id=?
Hibernate: select groups0_.id as id1_0_0_, groups0_.group_id as group_id2_0_0_, groupdata1_.group_id as group_id1_2_1_, groupdata1_.group_footer as group_fo2_2_1_, groupdata1_.group_header as group_he3_2_1_, groupdata1_.group_name as group_na4_2_1_ from address_in_groups groups0_ inner join group_list groupdata1_ on groups0_.group_id=groupdata1_.group_id where groups0_.id=?
Hibernate: select groups0_.id as id1_0_0_, groups0_.group_id as group_id2_0_0_, groupdata1_.group_id as group_id1_2_1_, groupdata1_.group_footer as group_fo2_2_1_, groupdata1_.group_header as group_he3_2_1_, groupdata1_.group_name as group_na4_2_1_ from address_in_groups groups0_ inner join group_list groupdata1_ on groups0_.group_id=groupdata1_.group_id where groups0_.id=?
Hibernate: select groups0_.id as id1_0_0_, groups0_.group_id as group_id2_0_0_, groupdata1_.group_id as group_id1_2_1_, groupdata1_.group_footer as group_fo2_2_1_, groupdata1_.group_header as group_he3_2_1_, groupdata1_.group_name as group_na4_2_1_ from address_in_groups groups0_ inner join group_list groupdata1_ on groups0_.group_id=groupdata1_.group_id where groups0_.id=?
Hibernate: select groups0_.id as id1_0_0_, groups0_.group_id as group_id2_0_0_, groupdata1_.group_id as group_id1_2_1_, groupdata1_.group_footer as group_fo2_2_1_, groupdata1_.group_header as group_he3_2_1_, groupdata1_.group_name as group_na4_2_1_ from address_in_groups groups0_ inner join group_list groupdata1_ on groups0_.group_id=groupdata1_.group_id where groups0_.id=?
Hibernate: select groups0_.id as id1_0_0_, groups0_.group_id as group_id2_0_0_, groupdata1_.group_id as group_id1_2_1_, groupdata1_.group_footer as group_fo2_2_1_, groupdata1_.group_header as group_he3_2_1_, groupdata1_.group_name as group_na4_2_1_ from address_in_groups groups0_ inner join group_list groupdata1_ on groups0_.group_id=groupdata1_.group_id where groups0_.id=?
Hibernate: select groups0_.id as id1_0_0_, groups0_.group_id as group_id2_0_0_, groupdata1_.group_id as group_id1_2_1_, groupdata1_.group_footer as group_fo2_2_1_, groupdata1_.group_header as group_he3_2_1_, groupdata1_.group_name as group_na4_2_1_ from address_in_groups groups0_ inner join group_list groupdata1_ on groups0_.group_id=groupdata1_.group_id where groups0_.id=?
Hibernate: select groups0_.id as id1_0_0_, groups0_.group_id as group_id2_0_0_, groupdata1_.group_id as group_id1_2_1_, groupdata1_.group_footer as group_fo2_2_1_, groupdata1_.group_header as group_he3_2_1_, groupdata1_.group_name as group_na4_2_1_ from address_in_groups groups0_ inner join group_list groupdata1_ on groups0_.group_id=groupdata1_.group_id where groups0_.id=?
Hibernate: select groups0_.id as id1_0_0_, groups0_.group_id as group_id2_0_0_, groupdata1_.group_id as group_id1_2_1_, groupdata1_.group_footer as group_fo2_2_1_, groupdata1_.group_header as group_he3_2_1_, groupdata1_.group_name as group_na4_2_1_ from address_in_groups groups0_ inner join group_list groupdata1_ on groups0_.group_id=groupdata1_.group_id where groups0_.id=?
Hibernate: select groups0_.id as id1_0_0_, groups0_.group_id as group_id2_0_0_, groupdata1_.group_id as group_id1_2_1_, groupdata1_.group_footer as group_fo2_2_1_, groupdata1_.group_header as group_he3_2_1_, groupdata1_.group_name as group_na4_2_1_ from address_in_groups groups0_ inner join group_list groupdata1_ on groups0_.group_id=groupdata1_.group_id where groups0_.id=?
Hibernate: select groups0_.id as id1_0_0_, groups0_.group_id as group_id2_0_0_, groupdata1_.group_id as group_id1_2_1_, groupdata1_.group_footer as group_fo2_2_1_, groupdata1_.group_header as group_he3_2_1_, groupdata1_.group_name as group_na4_2_1_ from address_in_groups groups0_ inner join group_list groupdata1_ on groups0_.group_id=groupdata1_.group_id where groups0_.id=?
Hibernate: select groups0_.id as id1_0_0_, groups0_.group_id as group_id2_0_0_, groupdata1_.group_id as group_id1_2_1_, groupdata1_.group_footer as group_fo2_2_1_, groupdata1_.group_header as group_he3_2_1_, groupdata1_.group_name as group_na4_2_1_ from address_in_groups groups0_ inner join group_list groupdata1_ on groups0_.group_id=groupdata1_.group_id where groups0_.id=?
Hibernate: select groups0_.id as id1_0_0_, groups0_.group_id as group_id2_0_0_, groupdata1_.group_id as group_id1_2_1_, groupdata1_.group_footer as group_fo2_2_1_, groupdata1_.group_header as group_he3_2_1_, groupdata1_.group_name as group_na4_2_1_ from address_in_groups groups0_ inner join group_list groupdata1_ on groups0_.group_id=groupdata1_.group_id where groups0_.id=?
Hibernate: select groups0_.id as id1_0_0_, groups0_.group_id as group_id2_0_0_, groupdata1_.group_id as group_id1_2_1_, groupdata1_.group_footer as group_fo2_2_1_, groupdata1_.group_header as group_he3_2_1_, groupdata1_.group_name as group_na4_2_1_ from address_in_groups groups0_ inner join group_list groupdata1_ on groups0_.group_id=groupdata1_.group_id where groups0_.id=?
Hibernate: select groups0_.id as id1_0_0_, groups0_.group_id as group_id2_0_0_, groupdata1_.group_id as group_id1_2_1_, groupdata1_.group_footer as group_fo2_2_1_, groupdata1_.group_header as group_he3_2_1_, groupdata1_.group_name as group_na4_2_1_ from address_in_groups groups0_ inner join group_list groupdata1_ on groups0_.group_id=groupdata1_.group_id where groups0_.id=?
Hibernate: select groups0_.id as id1_0_0_, groups0_.group_id as group_id2_0_0_, groupdata1_.group_id as group_id1_2_1_, groupdata1_.group_footer as group_fo2_2_1_, groupdata1_.group_header as group_he3_2_1_, groupdata1_.group_name as group_na4_2_1_ from address_in_groups groups0_ inner join group_list groupdata1_ on groups0_.group_id=groupdata1_.group_id where groups0_.id=?
Hibernate: select groups0_.id as id1_0_0_, groups0_.group_id as group_id2_0_0_, groupdata1_.group_id as group_id1_2_1_, groupdata1_.group_footer as group_fo2_2_1_, groupdata1_.group_header as group_he3_2_1_, groupdata1_.group_name as group_na4_2_1_ from address_in_groups groups0_ inner join group_list groupdata1_ on groups0_.group_id=groupdata1_.group_id where groups0_.id=?
Hibernate: select groupdata0_.group_id as group_id1_2_, groupdata0_.group_footer as group_fo2_2_, groupdata0_.group_header as group_he3_2_, groupdata0_.group_name as group_na4_2_ from group_list groupdata0_
Hibernate: select contactdat0_.id as id1_1_, contactdat0_.address as address2_1_, contactdat0_.firstname as firstnam3_1_, contactdat0_.home as home4_1_, contactdat0_.lastname as lastname5_1_, contactdat0_.mobile as mobile6_1_, contactdat0_.photo as photo7_1_, contactdat0_.work as work8_1_ from addressbook contactdat0_ where deprecated=0
Hibernate: select groups0_.id as id1_0_0_, groups0_.group_id as group_id2_0_0_, groupdata1_.group_id as group_id1_2_1_, groupdata1_.group_footer as group_fo2_2_1_, groupdata1_.group_header as group_he3_2_1_, groupdata1_.group_name as group_na4_2_1_ from address_in_groups groups0_ inner join group_list groupdata1_ on groups0_.group_id=groupdata1_.group_id where groups0_.id=?
Hibernate: select groups0_.id as id1_0_0_, groups0_.group_id as group_id2_0_0_, groupdata1_.group_id as group_id1_2_1_, groupdata1_.group_footer as group_fo2_2_1_, groupdata1_.group_header as group_he3_2_1_, groupdata1_.group_name as group_na4_2_1_ from address_in_groups groups0_ inner join group_list groupdata1_ on groups0_.group_id=groupdata1_.group_id where groups0_.id=?
Hibernate: select groups0_.id as id1_0_0_, groups0_.group_id as group_id2_0_0_, groupdata1_.group_id as group_id1_2_1_, groupdata1_.group_footer as group_fo2_2_1_, groupdata1_.group_header as group_he3_2_1_, groupdata1_.group_name as group_na4_2_1_ from address_in_groups groups0_ inner join group_list groupdata1_ on groups0_.group_id=groupdata1_.group_id where groups0_.id=?
Hibernate: select groups0_.id as id1_0_0_, groups0_.group_id as group_id2_0_0_, groupdata1_.group_id as group_id1_2_1_, groupdata1_.group_footer as group_fo2_2_1_, groupdata1_.group_header as group_he3_2_1_, groupdata1_.group_name as group_na4_2_1_ from address_in_groups groups0_ inner join group_list groupdata1_ on groups0_.group_id=groupdata1_.group_id where groups0_.id=?
Hibernate: select groups0_.id as id1_0_0_, groups0_.group_id as group_id2_0_0_, groupdata1_.group_id as group_id1_2_1_, groupdata1_.group_footer as group_fo2_2_1_, groupdata1_.group_header as group_he3_2_1_, groupdata1_.group_name as group_na4_2_1_ from address_in_groups groups0_ inner join group_list groupdata1_ on groups0_.group_id=groupdata1_.group_id where groups0_.id=?
Hibernate: select groups0_.id as id1_0_0_, groups0_.group_id as group_id2_0_0_, groupdata1_.group_id as group_id1_2_1_, groupdata1_.group_footer as group_fo2_2_1_, groupdata1_.group_header as group_he3_2_1_, groupdata1_.group_name as group_na4_2_1_ from address_in_groups groups0_ inner join group_list groupdata1_ on groups0_.group_id=groupdata1_.group_id where groups0_.id=?
Hibernate: select groups0_.id as id1_0_0_, groups0_.group_id as group_id2_0_0_, groupdata1_.group_id as group_id1_2_1_, groupdata1_.group_footer as group_fo2_2_1_, groupdata1_.group_header as group_he3_2_1_, groupdata1_.group_name as group_na4_2_1_ from address_in_groups groups0_ inner join group_list groupdata1_ on groups0_.group_id=groupdata1_.group_id where groups0_.id=?
Hibernate: select groups0_.id as id1_0_0_, groups0_.group_id as group_id2_0_0_, groupdata1_.group_id as group_id1_2_1_, groupdata1_.group_footer as group_fo2_2_1_, groupdata1_.group_header as group_he3_2_1_, groupdata1_.group_name as group_na4_2_1_ from address_in_groups groups0_ inner join group_list groupdata1_ on groups0_.group_id=groupdata1_.group_id where groups0_.id=?
Hibernate: select groups0_.id as id1_0_0_, groups0_.group_id as group_id2_0_0_, groupdata1_.group_id as group_id1_2_1_, groupdata1_.group_footer as group_fo2_2_1_, groupdata1_.group_header as group_he3_2_1_, groupdata1_.group_name as group_na4_2_1_ from address_in_groups groups0_ inner join group_list groupdata1_ on groups0_.group_id=groupdata1_.group_id where groups0_.id=?
Hibernate: select groups0_.id as id1_0_0_, groups0_.group_id as group_id2_0_0_, groupdata1_.group_id as group_id1_2_1_, groupdata1_.group_footer as group_fo2_2_1_, groupdata1_.group_header as group_he3_2_1_, groupdata1_.group_name as group_na4_2_1_ from address_in_groups groups0_ inner join group_list groupdata1_ on groups0_.group_id=groupdata1_.group_id where groups0_.id=?
Hibernate: select groups0_.id as id1_0_0_, groups0_.group_id as group_id2_0_0_, groupdata1_.group_id as group_id1_2_1_, groupdata1_.group_footer as group_fo2_2_1_, groupdata1_.group_header as group_he3_2_1_, groupdata1_.group_name as group_na4_2_1_ from address_in_groups groups0_ inner join group_list groupdata1_ on groups0_.group_id=groupdata1_.group_id where groups0_.id=?
Hibernate: select groups0_.id as id1_0_0_, groups0_.group_id as group_id2_0_0_, groupdata1_.group_id as group_id1_2_1_, groupdata1_.group_footer as group_fo2_2_1_, groupdata1_.group_header as group_he3_2_1_, groupdata1_.group_name as group_na4_2_1_ from address_in_groups groups0_ inner join group_list groupdata1_ on groups0_.group_id=groupdata1_.group_id where groups0_.id=?
Hibernate: select groups0_.id as id1_0_0_, groups0_.group_id as group_id2_0_0_, groupdata1_.group_id as group_id1_2_1_, groupdata1_.group_footer as group_fo2_2_1_, groupdata1_.group_header as group_he3_2_1_, groupdata1_.group_name as group_na4_2_1_ from address_in_groups groups0_ inner join group_list groupdata1_ on groups0_.group_id=groupdata1_.group_id where groups0_.id=?
Hibernate: select groups0_.id as id1_0_0_, groups0_.group_id as group_id2_0_0_, groupdata1_.group_id as group_id1_2_1_, groupdata1_.group_footer as group_fo2_2_1_, groupdata1_.group_header as group_he3_2_1_, groupdata1_.group_name as group_na4_2_1_ from address_in_groups groups0_ inner join group_list groupdata1_ on groups0_.group_id=groupdata1_.group_id where groups0_.id=?
Hibernate: select groups0_.id as id1_0_0_, groups0_.group_id as group_id2_0_0_, groupdata1_.group_id as group_id1_2_1_, groupdata1_.group_footer as group_fo2_2_1_, groupdata1_.group_header as group_he3_2_1_, groupdata1_.group_name as group_na4_2_1_ from address_in_groups groups0_ inner join group_list groupdata1_ on groups0_.group_id=groupdata1_.group_id where groups0_.id=?
Hibernate: select groups0_.id as id1_0_0_, groups0_.group_id as group_id2_0_0_, groupdata1_.group_id as group_id1_2_1_, groupdata1_.group_footer as group_fo2_2_1_, groupdata1_.group_header as group_he3_2_1_, groupdata1_.group_name as group_na4_2_1_ from address_in_groups groups0_ inner join group_list groupdata1_ on groups0_.group_id=groupdata1_.group_id where groups0_.id=?
Hibernate: select groups0_.id as id1_0_0_, groups0_.group_id as group_id2_0_0_, groupdata1_.group_id as group_id1_2_1_, groupdata1_.group_footer as group_fo2_2_1_, groupdata1_.group_header as group_he3_2_1_, groupdata1_.group_name as group_na4_2_1_ from address_in_groups groups0_ inner join group_list groupdata1_ on groups0_.group_id=groupdata1_.group_id where groups0_.id=?
Hibernate: select contactdat0_.id as id1_1_, contactdat0_.address as address2_1_, contactdat0_.firstname as firstnam3_1_, contactdat0_.home as home4_1_, contactdat0_.lastname as lastname5_1_, contactdat0_.mobile as mobile6_1_, contactdat0_.photo as photo7_1_, contactdat0_.work as work8_1_ from addressbook contactdat0_ where deprecated=0
Hibernate: select groups0_.id as id1_0_0_, groups0_.group_id as group_id2_0_0_, groupdata1_.group_id as group_id1_2_1_, groupdata1_.group_footer as group_fo2_2_1_, groupdata1_.group_header as group_he3_2_1_, groupdata1_.group_name as group_na4_2_1_ from address_in_groups groups0_ inner join group_list groupdata1_ on groups0_.group_id=groupdata1_.group_id where groups0_.id=?
Hibernate: select groups0_.id as id1_0_0_, groups0_.group_id as group_id2_0_0_, groupdata1_.group_id as group_id1_2_1_, groupdata1_.group_footer as group_fo2_2_1_, groupdata1_.group_header as group_he3_2_1_, groupdata1_.group_name as group_na4_2_1_ from address_in_groups groups0_ inner join group_list groupdata1_ on groups0_.group_id=groupdata1_.group_id where groups0_.id=?
Hibernate: select groups0_.id as id1_0_0_, groups0_.group_id as group_id2_0_0_, groupdata1_.group_id as group_id1_2_1_, groupdata1_.group_footer as group_fo2_2_1_, groupdata1_.group_header as group_he3_2_1_, groupdata1_.group_name as group_na4_2_1_ from address_in_groups groups0_ inner join group_list groupdata1_ on groups0_.group_id=groupdata1_.group_id where groups0_.id=?
Hibernate: select groups0_.id as id1_0_0_, groups0_.group_id as group_id2_0_0_, groupdata1_.group_id as group_id1_2_1_, groupdata1_.group_footer as group_fo2_2_1_, groupdata1_.group_header as group_he3_2_1_, groupdata1_.group_name as group_na4_2_1_ from address_in_groups groups0_ inner join group_list groupdata1_ on groups0_.group_id=groupdata1_.group_id where groups0_.id=?
Hibernate: select groups0_.id as id1_0_0_, groups0_.group_id as group_id2_0_0_, groupdata1_.group_id as group_id1_2_1_, groupdata1_.group_footer as group_fo2_2_1_, groupdata1_.group_header as group_he3_2_1_, groupdata1_.group_name as group_na4_2_1_ from address_in_groups groups0_ inner join group_list groupdata1_ on groups0_.group_id=groupdata1_.group_id where groups0_.id=?
Hibernate: select groups0_.id as id1_0_0_, groups0_.group_id as group_id2_0_0_, groupdata1_.group_id as group_id1_2_1_, groupdata1_.group_footer as group_fo2_2_1_, groupdata1_.group_header as group_he3_2_1_, groupdata1_.group_name as group_na4_2_1_ from address_in_groups groups0_ inner join group_list groupdata1_ on groups0_.group_id=groupdata1_.group_id where groups0_.id=?
Hibernate: select groups0_.id as id1_0_0_, groups0_.group_id as group_id2_0_0_, groupdata1_.group_id as group_id1_2_1_, groupdata1_.group_footer as group_fo2_2_1_, groupdata1_.group_header as group_he3_2_1_, groupdata1_.group_name as group_na4_2_1_ from address_in_groups groups0_ inner join group_list groupdata1_ on groups0_.group_id=groupdata1_.group_id where groups0_.id=?
Hibernate: select groups0_.id as id1_0_0_, groups0_.group_id as group_id2_0_0_, groupdata1_.group_id as group_id1_2_1_, groupdata1_.group_footer as group_fo2_2_1_, groupdata1_.group_header as group_he3_2_1_, groupdata1_.group_name as group_na4_2_1_ from address_in_groups groups0_ inner join group_list groupdata1_ on groups0_.group_id=groupdata1_.group_id where groups0_.id=?
Hibernate: select groups0_.id as id1_0_0_, groups0_.group_id as group_id2_0_0_, groupdata1_.group_id as group_id1_2_1_, groupdata1_.group_footer as group_fo2_2_1_, groupdata1_.group_header as group_he3_2_1_, groupdata1_.group_name as group_na4_2_1_ from address_in_groups groups0_ inner join group_list groupdata1_ on groups0_.group_id=groupdata1_.group_id where groups0_.id=?
Hibernate: select groups0_.id as id1_0_0_, groups0_.group_id as group_id2_0_0_, groupdata1_.group_id as group_id1_2_1_, groupdata1_.group_footer as group_fo2_2_1_, groupdata1_.group_header as group_he3_2_1_, groupdata1_.group_name as group_na4_2_1_ from address_in_groups groups0_ inner join group_list groupdata1_ on groups0_.group_id=groupdata1_.group_id where groups0_.id=?
Hibernate: select groups0_.id as id1_0_0_, groups0_.group_id as group_id2_0_0_, groupdata1_.group_id as group_id1_2_1_, groupdata1_.group_footer as group_fo2_2_1_, groupdata1_.group_header as group_he3_2_1_, groupdata1_.group_name as group_na4_2_1_ from address_in_groups groups0_ inner join group_list groupdata1_ on groups0_.group_id=groupdata1_.group_id where groups0_.id=?
Hibernate: select groups0_.id as id1_0_0_, groups0_.group_id as group_id2_0_0_, groupdata1_.group_id as group_id1_2_1_, groupdata1_.group_footer as group_fo2_2_1_, groupdata1_.group_header as group_he3_2_1_, groupdata1_.group_name as group_na4_2_1_ from address_in_groups groups0_ inner join group_list groupdata1_ on groups0_.group_id=groupdata1_.group_id where groups0_.id=?
Hibernate: select groups0_.id as id1_0_0_, groups0_.group_id as group_id2_0_0_, groupdata1_.group_id as group_id1_2_1_, groupdata1_.group_footer as group_fo2_2_1_, groupdata1_.group_header as group_he3_2_1_, groupdata1_.group_name as group_na4_2_1_ from address_in_groups groups0_ inner join group_list groupdata1_ on groups0_.group_id=groupdata1_.group_id where groups0_.id=?
Hibernate: select groups0_.id as id1_0_0_, groups0_.group_id as group_id2_0_0_, groupdata1_.group_id as group_id1_2_1_, groupdata1_.group_footer as group_fo2_2_1_, groupdata1_.group_header as group_he3_2_1_, groupdata1_.group_name as group_na4_2_1_ from address_in_groups groups0_ inner join group_list groupdata1_ on groups0_.group_id=groupdata1_.group_id where groups0_.id=?
Hibernate: select groups0_.id as id1_0_0_, groups0_.group_id as group_id2_0_0_, groupdata1_.group_id as group_id1_2_1_, groupdata1_.group_footer as group_fo2_2_1_, groupdata1_.group_header as group_he3_2_1_, groupdata1_.group_name as group_na4_2_1_ from address_in_groups groups0_ inner join group_list groupdata1_ on groups0_.group_id=groupdata1_.group_id where groups0_.id=?
Hibernate: select groups0_.id as id1_0_0_, groups0_.group_id as group_id2_0_0_, groupdata1_.group_id as group_id1_2_1_, groupdata1_.group_footer as group_fo2_2_1_, groupdata1_.group_header as group_he3_2_1_, groupdata1_.group_name as group_na4_2_1_ from address_in_groups groups0_ inner join group_list groupdata1_ on groups0_.group_id=groupdata1_.group_id where groups0_.id=?
Hibernate: select groups0_.id as id1_0_0_, groups0_.group_id as group_id2_0_0_, groupdata1_.group_id as group_id1_2_1_, groupdata1_.group_footer as group_fo2_2_1_, groupdata1_.group_header as group_he3_2_1_, groupdata1_.group_name as group_na4_2_1_ from address_in_groups groups0_ inner join group_list groupdata1_ on groups0_.group_id=groupdata1_.group_id where groups0_.id=?
Hibernate: select groups0_.id as id1_0_0_, groups0_.group_id as group_id2_0_0_, groupdata1_.group_id as group_id1_2_1_, groupdata1_.group_footer as group_fo2_2_1_, groupdata1_.group_header as group_he3_2_1_, groupdata1_.group_name as group_na4_2_1_ from address_in_groups groups0_ inner join group_list groupdata1_ on groups0_.group_id=groupdata1_.group_id where groups0_.id=?
Hibernate: select groupdata0_.group_id as group_id1_2_, groupdata0_.group_footer as group_fo2_2_, groupdata0_.group_header as group_he3_2_, groupdata0_.group_name as group_na4_2_ from group_list groupdata0_
Hibernate: select contactdat0_.id as id1_1_, contactdat0_.address as address2_1_, contactdat0_.firstname as firstnam3_1_, contactdat0_.home as home4_1_, contactdat0_.lastname as lastname5_1_, contactdat0_.mobile as mobile6_1_, contactdat0_.photo as photo7_1_, contactdat0_.work as work8_1_ from addressbook contactdat0_ where deprecated=0
Hibernate: select groups0_.id as id1_0_0_, groups0_.group_id as group_id2_0_0_, groupdata1_.group_id as group_id1_2_1_, groupdata1_.group_footer as group_fo2_2_1_, groupdata1_.group_header as group_he3_2_1_, groupdata1_.group_name as group_na4_2_1_ from address_in_groups groups0_ inner join group_list groupdata1_ on groups0_.group_id=groupdata1_.group_id where groups0_.id=?
Hibernate: select groups0_.id as id1_0_0_, groups0_.group_id as group_id2_0_0_, groupdata1_.group_id as group_id1_2_1_, groupdata1_.group_footer as group_fo2_2_1_, groupdata1_.group_header as group_he3_2_1_, groupdata1_.group_name as group_na4_2_1_ from address_in_groups groups0_ inner join group_list groupdata1_ on groups0_.group_id=groupdata1_.group_id where groups0_.id=?
Hibernate: select groups0_.id as id1_0_0_, groups0_.group_id as group_id2_0_0_, groupdata1_.group_id as group_id1_2_1_, groupdata1_.group_footer as group_fo2_2_1_, groupdata1_.group_header as group_he3_2_1_, groupdata1_.group_name as group_na4_2_1_ from address_in_groups groups0_ inner join group_list groupdata1_ on groups0_.group_id=groupdata1_.group_id where groups0_.id=?
Hibernate: select groups0_.id as id1_0_0_, groups0_.group_id as group_id2_0_0_, groupdata1_.group_id as group_id1_2_1_, groupdata1_.group_footer as group_fo2_2_1_, groupdata1_.group_header as group_he3_2_1_, groupdata1_.group_name as group_na4_2_1_ from address_in_groups groups0_ inner join group_list groupdata1_ on groups0_.group_id=groupdata1_.group_id where groups0_.id=?
Hibernate: select groups0_.id as id1_0_0_, groups0_.group_id as group_id2_0_0_, groupdata1_.group_id as group_id1_2_1_, groupdata1_.group_footer as group_fo2_2_1_, groupdata1_.group_header as group_he3_2_1_, groupdata1_.group_name as group_na4_2_1_ from address_in_groups groups0_ inner join group_list groupdata1_ on groups0_.group_id=groupdata1_.group_id where groups0_.id=?
Hibernate: select groups0_.id as id1_0_0_, groups0_.group_id as group_id2_0_0_, groupdata1_.group_id as group_id1_2_1_, groupdata1_.group_footer as group_fo2_2_1_, groupdata1_.group_header as group_he3_2_1_, groupdata1_.group_name as group_na4_2_1_ from address_in_groups groups0_ inner join group_list groupdata1_ on groups0_.group_id=groupdata1_.group_id where groups0_.id=?
Hibernate: select groups0_.id as id1_0_0_, groups0_.group_id as group_id2_0_0_, groupdata1_.group_id as group_id1_2_1_, groupdata1_.group_footer as group_fo2_2_1_, groupdata1_.group_header as group_he3_2_1_, groupdata1_.group_name as group_na4_2_1_ from address_in_groups groups0_ inner join group_list groupdata1_ on groups0_.group_id=groupdata1_.group_id where groups0_.id=?
Hibernate: select groups0_.id as id1_0_0_, groups0_.group_id as group_id2_0_0_, groupdata1_.group_id as group_id1_2_1_, groupdata1_.group_footer as group_fo2_2_1_, groupdata1_.group_header as group_he3_2_1_, groupdata1_.group_name as group_na4_2_1_ from address_in_groups groups0_ inner join group_list groupdata1_ on groups0_.group_id=groupdata1_.group_id where groups0_.id=?
Hibernate: select groups0_.id as id1_0_0_, groups0_.group_id as group_id2_0_0_, groupdata1_.group_id as group_id1_2_1_, groupdata1_.group_footer as group_fo2_2_1_, groupdata1_.group_header as group_he3_2_1_, groupdata1_.group_name as group_na4_2_1_ from address_in_groups groups0_ inner join group_list groupdata1_ on groups0_.group_id=groupdata1_.group_id where groups0_.id=?
Hibernate: select groups0_.id as id1_0_0_, groups0_.group_id as group_id2_0_0_, groupdata1_.group_id as group_id1_2_1_, groupdata1_.group_footer as group_fo2_2_1_, groupdata1_.group_header as group_he3_2_1_, groupdata1_.group_name as group_na4_2_1_ from address_in_groups groups0_ inner join group_list groupdata1_ on groups0_.group_id=groupdata1_.group_id where groups0_.id=?
Hibernate: select groups0_.id as id1_0_0_, groups0_.group_id as group_id2_0_0_, groupdata1_.group_id as group_id1_2_1_, groupdata1_.group_footer as group_fo2_2_1_, groupdata1_.group_header as group_he3_2_1_, groupdata1_.group_name as group_na4_2_1_ from address_in_groups groups0_ inner join group_list groupdata1_ on groups0_.group_id=groupdata1_.group_id where groups0_.id=?
Hibernate: select groups0_.id as id1_0_0_, groups0_.group_id as group_id2_0_0_, groupdata1_.group_id as group_id1_2_1_, groupdata1_.group_footer as group_fo2_2_1_, groupdata1_.group_header as group_he3_2_1_, groupdata1_.group_name as group_na4_2_1_ from address_in_groups groups0_ inner join group_list groupdata1_ on groups0_.group_id=groupdata1_.group_id where groups0_.id=?
Hibernate: select groups0_.id as id1_0_0_, groups0_.group_id as group_id2_0_0_, groupdata1_.group_id as group_id1_2_1_, groupdata1_.group_footer as group_fo2_2_1_, groupdata1_.group_header as group_he3_2_1_, groupdata1_.group_name as group_na4_2_1_ from address_in_groups groups0_ inner join group_list groupdata1_ on groups0_.group_id=groupdata1_.group_id where groups0_.id=?
Hibernate: select groups0_.id as id1_0_0_, groups0_.group_id as group_id2_0_0_, groupdata1_.group_id as group_id1_2_1_, groupdata1_.group_footer as group_fo2_2_1_, groupdata1_.group_header as group_he3_2_1_, groupdata1_.group_name as group_na4_2_1_ from address_in_groups groups0_ inner join group_list groupdata1_ on groups0_.group_id=groupdata1_.group_id where groups0_.id=?
Hibernate: select groups0_.id as id1_0_0_, groups0_.group_id as group_id2_0_0_, groupdata1_.group_id as group_id1_2_1_, groupdata1_.group_footer as group_fo2_2_1_, groupdata1_.group_header as group_he3_2_1_, groupdata1_.group_name as group_na4_2_1_ from address_in_groups groups0_ inner join group_list groupdata1_ on groups0_.group_id=groupdata1_.group_id where groups0_.id=?
Hibernate: select groups0_.id as id1_0_0_, groups0_.group_id as group_id2_0_0_, groupdata1_.group_id as group_id1_2_1_, groupdata1_.group_footer as group_fo2_2_1_, groupdata1_.group_header as group_he3_2_1_, groupdata1_.group_name as group_na4_2_1_ from address_in_groups groups0_ inner join group_list groupdata1_ on groups0_.group_id=groupdata1_.group_id where groups0_.id=?
Hibernate: select groups0_.id as id1_0_0_, groups0_.group_id as group_id2_0_0_, groupdata1_.group_id as group_id1_2_1_, groupdata1_.group_footer as group_fo2_2_1_, groupdata1_.group_header as group_he3_2_1_, groupdata1_.group_name as group_na4_2_1_ from address_in_groups groups0_ inner join group_list groupdata1_ on groups0_.group_id=groupdata1_.group_id where groups0_.id=?
Hibernate: select groups0_.id as id1_0_0_, groups0_.group_id as group_id2_0_0_, groupdata1_.group_id as group_id1_2_1_, groupdata1_.group_footer as group_fo2_2_1_, groupdata1_.group_header as group_he3_2_1_, groupdata1_.group_name as group_na4_2_1_ from address_in_groups groups0_ inner join group_list groupdata1_ on groups0_.group_id=groupdata1_.group_id where groups0_.id=?
Hibernate: select contactdat0_.id as id1_1_, contactdat0_.address as address2_1_, contactdat0_.firstname as firstnam3_1_, contactdat0_.home as home4_1_, contactdat0_.lastname as lastname5_1_, contactdat0_.mobile as mobile6_1_, contactdat0_.photo as photo7_1_, contactdat0_.work as work8_1_ from addressbook contactdat0_ where deprecated=0
Hibernate: select groups0_.id as id1_0_0_, groups0_.group_id as group_id2_0_0_, groupdata1_.group_id as group_id1_2_1_, groupdata1_.group_footer as group_fo2_2_1_, groupdata1_.group_header as group_he3_2_1_, groupdata1_.group_name as group_na4_2_1_ from address_in_groups groups0_ inner join group_list groupdata1_ on groups0_.group_id=groupdata1_.group_id where groups0_.id=?
Hibernate: select groups0_.id as id1_0_0_, groups0_.group_id as group_id2_0_0_, groupdata1_.group_id as group_id1_2_1_, groupdata1_.group_footer as group_fo2_2_1_, groupdata1_.group_header as group_he3_2_1_, groupdata1_.group_name as group_na4_2_1_ from address_in_groups groups0_ inner join group_list groupdata1_ on groups0_.group_id=groupdata1_.group_id where groups0_.id=?
Hibernate: select groups0_.id as id1_0_0_, groups0_.group_id as group_id2_0_0_, groupdata1_.group_id as group_id1_2_1_, groupdata1_.group_footer as group_fo2_2_1_, groupdata1_.group_header as group_he3_2_1_, groupdata1_.group_name as group_na4_2_1_ from address_in_groups groups0_ inner join group_list groupdata1_ on groups0_.group_id=groupdata1_.group_id where groups0_.id=?
Hibernate: select groups0_.id as id1_0_0_, groups0_.group_id as group_id2_0_0_, groupdata1_.group_id as group_id1_2_1_, groupdata1_.group_footer as group_fo2_2_1_, groupdata1_.group_header as group_he3_2_1_, groupdata1_.group_name as group_na4_2_1_ from address_in_groups groups0_ inner join group_list groupdata1_ on groups0_.group_id=groupdata1_.group_id where groups0_.id=?
Hibernate: select groups0_.id as id1_0_0_, groups0_.group_id as group_id2_0_0_, groupdata1_.group_id as group_id1_2_1_, groupdata1_.group_footer as group_fo2_2_1_, groupdata1_.group_header as group_he3_2_1_, groupdata1_.group_name as group_na4_2_1_ from address_in_groups groups0_ inner join group_list groupdata1_ on groups0_.group_id=groupdata1_.group_id where groups0_.id=?
Hibernate: select groups0_.id as id1_0_0_, groups0_.group_id as group_id2_0_0_, groupdata1_.group_id as group_id1_2_1_, groupdata1_.group_footer as group_fo2_2_1_, groupdata1_.group_header as group_he3_2_1_, groupdata1_.group_name as group_na4_2_1_ from address_in_groups groups0_ inner join group_list groupdata1_ on groups0_.group_id=groupdata1_.group_id where groups0_.id=?
Hibernate: select groups0_.id as id1_0_0_, groups0_.group_id as group_id2_0_0_, groupdata1_.group_id as group_id1_2_1_, groupdata1_.group_footer as group_fo2_2_1_, groupdata1_.group_header as group_he3_2_1_, groupdata1_.group_name as group_na4_2_1_ from address_in_groups groups0_ inner join group_list groupdata1_ on groups0_.group_id=groupdata1_.group_id where groups0_.id=?
Hibernate: select groups0_.id as id1_0_0_, groups0_.group_id as group_id2_0_0_, groupdata1_.group_id as group_id1_2_1_, groupdata1_.group_footer as group_fo2_2_1_, groupdata1_.group_header as group_he3_2_1_, groupdata1_.group_name as group_na4_2_1_ from address_in_groups groups0_ inner join group_list groupdata1_ on groups0_.group_id=groupdata1_.group_id where groups0_.id=?
Hibernate: select groups0_.id as id1_0_0_, groups0_.group_id as group_id2_0_0_, groupdata1_.group_id as group_id1_2_1_, groupdata1_.group_footer as group_fo2_2_1_, groupdata1_.group_header as group_he3_2_1_, groupdata1_.group_name as group_na4_2_1_ from address_in_groups groups0_ inner join group_list groupdata1_ on groups0_.group_id=groupdata1_.group_id where groups0_.id=?
Hibernate: select groups0_.id as id1_0_0_, groups0_.group_id as group_id2_0_0_, groupdata1_.group_id as group_id1_2_1_, groupdata1_.group_footer as group_fo2_2_1_, groupdata1_.group_header as group_he3_2_1_, groupdata1_.group_name as group_na4_2_1_ from address_in_groups groups0_ inner join group_list groupdata1_ on groups0_.group_id=groupdata1_.group_id where groups0_.id=?
Hibernate: select groups0_.id as id1_0_0_, groups0_.group_id as group_id2_0_0_, groupdata1_.group_id as group_id1_2_1_, groupdata1_.group_footer as group_fo2_2_1_, groupdata1_.group_header as group_he3_2_1_, groupdata1_.group_name as group_na4_2_1_ from address_in_groups groups0_ inner join group_list groupdata1_ on groups0_.group_id=groupdata1_.group_id where groups0_.id=?
Hibernate: select groups0_.id as id1_0_0_, groups0_.group_id as group_id2_0_0_, groupdata1_.group_id as group_id1_2_1_, groupdata1_.group_footer as group_fo2_2_1_, groupdata1_.group_header as group_he3_2_1_, groupdata1_.group_name as group_na4_2_1_ from address_in_groups groups0_ inner join group_list groupdata1_ on groups0_.group_id=groupdata1_.group_id where groups0_.id=?
Hibernate: select groups0_.id as id1_0_0_, groups0_.group_id as group_id2_0_0_, groupdata1_.group_id as group_id1_2_1_, groupdata1_.group_footer as group_fo2_2_1_, groupdata1_.group_header as group_he3_2_1_, groupdata1_.group_name as group_na4_2_1_ from address_in_groups groups0_ inner join group_list groupdata1_ on groups0_.group_id=groupdata1_.group_id where groups0_.id=?
Hibernate: select groups0_.id as id1_0_0_, groups0_.group_id as group_id2_0_0_, groupdata1_.group_id as group_id1_2_1_, groupdata1_.group_footer as group_fo2_2_1_, groupdata1_.group_header as group_he3_2_1_, groupdata1_.group_name as group_na4_2_1_ from address_in_groups groups0_ inner join group_list groupdata1_ on groups0_.group_id=groupdata1_.group_id where groups0_.id=?
Hibernate: select groups0_.id as id1_0_0_, groups0_.group_id as group_id2_0_0_, groupdata1_.group_id as group_id1_2_1_, groupdata1_.group_footer as group_fo2_2_1_, groupdata1_.group_header as group_he3_2_1_, groupdata1_.group_name as group_na4_2_1_ from address_in_groups groups0_ inner join group_list groupdata1_ on groups0_.group_id=groupdata1_.group_id where groups0_.id=?
Hibernate: select groups0_.id as id1_0_0_, groups0_.group_id as group_id2_0_0_, groupdata1_.group_id as group_id1_2_1_, groupdata1_.group_footer as group_fo2_2_1_, groupdata1_.group_header as group_he3_2_1_, groupdata1_.group_name as group_na4_2_1_ from address_in_groups groups0_ inner join group_list groupdata1_ on groups0_.group_id=groupdata1_.group_id where groups0_.id=?
Hibernate: select groups0_.id as id1_0_0_, groups0_.group_id as group_id2_0_0_, groupdata1_.group_id as group_id1_2_1_, groupdata1_.group_footer as group_fo2_2_1_, groupdata1_.group_header as group_he3_2_1_, groupdata1_.group_name as group_na4_2_1_ from address_in_groups groups0_ inner join group_list groupdata1_ on groups0_.group_id=groupdata1_.group_id where groups0_.id=?
Hibernate: select groups0_.id as id1_0_0_, groups0_.group_id as group_id2_0_0_, groupdata1_.group_id as group_id1_2_1_, groupdata1_.group_footer as group_fo2_2_1_, groupdata1_.group_header as group_he3_2_1_, groupdata1_.group_name as group_na4_2_1_ from address_in_groups groups0_ inner join group_list groupdata1_ on groups0_.group_id=groupdata1_.group_id where groups0_.id=?
Hibernate: select groups0_.id as id1_0_0_, groups0_.group_id as group_id2_0_0_, groupdata1_.group_id as group_id1_2_1_, groupdata1_.group_footer as group_fo2_2_1_, groupdata1_.group_header as group_he3_2_1_, groupdata1_.group_name as group_na4_2_1_ from address_in_groups groups0_ inner join group_list groupdata1_ on groups0_.group_id=groupdata1_.group_id where groups0_.id=?
]]></system-out>
  <system-err><![CDATA[]]></system-err>
</testsuite>
