<?xml version="1.0" encoding="UTF-8"?>
<testsuite name="ru.stqa.pft.addressbook.tests.HbConnectionTest" tests="1" skipped="0" failures="0" errors="0" timestamp="2019-02-24T09:58:23" hostname="DESKTOP-KSIT5DT" time="0.051">
  <properties/>
  <testcase name="testHbConnection" classname="ru.stqa.pft.addressbook.tests.HbConnectionTest" time="0.051"/>
  <system-out><![CDATA[12:58:23.711 [Test worker] WARN  o.hibernate.orm.connections.pooling - HHH10001002: Using Hibernate built-in connection pool (not for production use!)
12:58:23.711 [Test worker] INFO  o.hibernate.orm.connections.pooling - HHH10001005: using driver [com.mysql.cj.jdbc.Driver] at URL [jdbc:mysql://localhost:3306/addressbook]
12:58:23.712 [Test worker] INFO  o.hibernate.orm.connections.pooling - HHH10001001: Connection properties: {user=root, password=, serverTimezone=UTC}
12:58:23.712 [Test worker] INFO  o.hibernate.orm.connections.pooling - HHH10001003: Autocommit mode: false
12:58:23.712 [Test worker] INFO  o.h.e.j.c.i.DriverManagerConnectionProviderImpl - HHH000115: Hibernate connection pool size: 1 (min=1)
12:58:23.720 [Test worker] INFO  org.hibernate.dialect.Dialect - HHH000400: Using dialect: org.hibernate.dialect.MySQL5Dialect
12:58:23.762 [Test worker] INFO  org.hibernate.orm.connections.access - HHH10001501: Connection obtained from JdbcConnectionAccess [org.hibernate.engine.jdbc.env.internal.JdbcEnvironmentInitiator$ConnectionProviderJdbcConnectionAccess@32334e2] for (non-JTA) DDL execution was not in auto-commit mode; the Connection 'local transaction' will be committed and the Connection will be set into auto-commit mode.
12:58:23.838 [Test worker] INFO  o.h.e.t.j.p.i.JtaPlatformInitiator - HHH000490: Using JtaPlatform implementation: [org.hibernate.engine.transaction.jta.platform.internal.NoJtaPlatform]
Hibernate: select contactdat0_.id as id1_1_, contactdat0_.address as address2_1_, contactdat0_.firstname as firstnam3_1_, contactdat0_.home as home4_1_, contactdat0_.lastname as lastname5_1_, contactdat0_.mobile as mobile6_1_, contactdat0_.photo as photo7_1_, contactdat0_.work as work8_1_ from addressbook contactdat0_ where deprecated=0
Hibernate: select groups0_.id as id1_0_0_, groups0_.group_id as group_id2_0_0_, groupdata1_.group_id as group_id1_2_1_, groupdata1_.group_footer as group_fo2_2_1_, groupdata1_.group_header as group_he3_2_1_, groupdata1_.group_name as group_na4_2_1_ from address_in_groups groups0_ inner join group_list groupdata1_ on groups0_.group_id=groupdata1_.group_id where groups0_.id=?
Hibernate: select groups0_.id as id1_0_0_, groups0_.group_id as group_id2_0_0_, groupdata1_.group_id as group_id1_2_1_, groupdata1_.group_footer as group_fo2_2_1_, groupdata1_.group_header as group_he3_2_1_, groupdata1_.group_name as group_na4_2_1_ from address_in_groups groups0_ inner join group_list groupdata1_ on groups0_.group_id=groupdata1_.group_id where groups0_.id=?
Hibernate: select groups0_.id as id1_0_0_, groups0_.group_id as group_id2_0_0_, groupdata1_.group_id as group_id1_2_1_, groupdata1_.group_footer as group_fo2_2_1_, groupdata1_.group_header as group_he3_2_1_, groupdata1_.group_name as group_na4_2_1_ from address_in_groups groups0_ inner join group_list groupdata1_ on groups0_.group_id=groupdata1_.group_id where groups0_.id=?
Hibernate: select groups0_.id as id1_0_0_, groups0_.group_id as group_id2_0_0_, groupdata1_.group_id as group_id1_2_1_, groupdata1_.group_footer as group_fo2_2_1_, groupdata1_.group_header as group_he3_2_1_, groupdata1_.group_name as group_na4_2_1_ from address_in_groups groups0_ inner join group_list groupdata1_ on groups0_.group_id=groupdata1_.group_id where groups0_.id=?
Hibernate: select groups0_.id as id1_0_0_, groups0_.group_id as group_id2_0_0_, groupdata1_.group_id as group_id1_2_1_, groupdata1_.group_footer as group_fo2_2_1_, groupdata1_.group_header as group_he3_2_1_, groupdata1_.group_name as group_na4_2_1_ from address_in_groups groups0_ inner join group_list groupdata1_ on groups0_.group_id=groupdata1_.group_id where groups0_.id=?
Hibernate: select groups0_.id as id1_0_0_, groups0_.group_id as group_id2_0_0_, groupdata1_.group_id as group_id1_2_1_, groupdata1_.group_footer as group_fo2_2_1_, groupdata1_.group_header as group_he3_2_1_, groupdata1_.group_name as group_na4_2_1_ from address_in_groups groups0_ inner join group_list groupdata1_ on groups0_.group_id=groupdata1_.group_id where groups0_.id=?
Hibernate: select groups0_.id as id1_0_0_, groups0_.group_id as group_id2_0_0_, groupdata1_.group_id as group_id1_2_1_, groupdata1_.group_footer as group_fo2_2_1_, groupdata1_.group_header as group_he3_2_1_, groupdata1_.group_name as group_na4_2_1_ from address_in_groups groups0_ inner join group_list groupdata1_ on groups0_.group_id=groupdata1_.group_id where groups0_.id=?
Hibernate: select groups0_.id as id1_0_0_, groups0_.group_id as group_id2_0_0_, groupdata1_.group_id as group_id1_2_1_, groupdata1_.group_footer as group_fo2_2_1_, groupdata1_.group_header as group_he3_2_1_, groupdata1_.group_name as group_na4_2_1_ from address_in_groups groups0_ inner join group_list groupdata1_ on groups0_.group_id=groupdata1_.group_id where groups0_.id=?
Hibernate: select groups0_.id as id1_0_0_, groups0_.group_id as group_id2_0_0_, groupdata1_.group_id as group_id1_2_1_, groupdata1_.group_footer as group_fo2_2_1_, groupdata1_.group_header as group_he3_2_1_, groupdata1_.group_name as group_na4_2_1_ from address_in_groups groups0_ inner join group_list groupdata1_ on groups0_.group_id=groupdata1_.group_id where groups0_.id=?
Hibernate: select groups0_.id as id1_0_0_, groups0_.group_id as group_id2_0_0_, groupdata1_.group_id as group_id1_2_1_, groupdata1_.group_footer as group_fo2_2_1_, groupdata1_.group_header as group_he3_2_1_, groupdata1_.group_name as group_na4_2_1_ from address_in_groups groups0_ inner join group_list groupdata1_ on groups0_.group_id=groupdata1_.group_id where groups0_.id=?
Hibernate: select groups0_.id as id1_0_0_, groups0_.group_id as group_id2_0_0_, groupdata1_.group_id as group_id1_2_1_, groupdata1_.group_footer as group_fo2_2_1_, groupdata1_.group_header as group_he3_2_1_, groupdata1_.group_name as group_na4_2_1_ from address_in_groups groups0_ inner join group_list groupdata1_ on groups0_.group_id=groupdata1_.group_id where groups0_.id=?
Hibernate: select groups0_.id as id1_0_0_, groups0_.group_id as group_id2_0_0_, groupdata1_.group_id as group_id1_2_1_, groupdata1_.group_footer as group_fo2_2_1_, groupdata1_.group_header as group_he3_2_1_, groupdata1_.group_name as group_na4_2_1_ from address_in_groups groups0_ inner join group_list groupdata1_ on groups0_.group_id=groupdata1_.group_id where groups0_.id=?
Hibernate: select groups0_.id as id1_0_0_, groups0_.group_id as group_id2_0_0_, groupdata1_.group_id as group_id1_2_1_, groupdata1_.group_footer as group_fo2_2_1_, groupdata1_.group_header as group_he3_2_1_, groupdata1_.group_name as group_na4_2_1_ from address_in_groups groups0_ inner join group_list groupdata1_ on groups0_.group_id=groupdata1_.group_id where groups0_.id=?
Hibernate: select groups0_.id as id1_0_0_, groups0_.group_id as group_id2_0_0_, groupdata1_.group_id as group_id1_2_1_, groupdata1_.group_footer as group_fo2_2_1_, groupdata1_.group_header as group_he3_2_1_, groupdata1_.group_name as group_na4_2_1_ from address_in_groups groups0_ inner join group_list groupdata1_ on groups0_.group_id=groupdata1_.group_id where groups0_.id=?
Hibernate: select groups0_.id as id1_0_0_, groups0_.group_id as group_id2_0_0_, groupdata1_.group_id as group_id1_2_1_, groupdata1_.group_footer as group_fo2_2_1_, groupdata1_.group_header as group_he3_2_1_, groupdata1_.group_name as group_na4_2_1_ from address_in_groups groups0_ inner join group_list groupdata1_ on groups0_.group_id=groupdata1_.group_id where groups0_.id=?
Hibernate: select groups0_.id as id1_0_0_, groups0_.group_id as group_id2_0_0_, groupdata1_.group_id as group_id1_2_1_, groupdata1_.group_footer as group_fo2_2_1_, groupdata1_.group_header as group_he3_2_1_, groupdata1_.group_name as group_na4_2_1_ from address_in_groups groups0_ inner join group_list groupdata1_ on groups0_.group_id=groupdata1_.group_id where groups0_.id=?
Hibernate: select groups0_.id as id1_0_0_, groups0_.group_id as group_id2_0_0_, groupdata1_.group_id as group_id1_2_1_, groupdata1_.group_footer as group_fo2_2_1_, groupdata1_.group_header as group_he3_2_1_, groupdata1_.group_name as group_na4_2_1_ from address_in_groups groups0_ inner join group_list groupdata1_ on groups0_.group_id=groupdata1_.group_id where groups0_.id=?
Hibernate: select groups0_.id as id1_0_0_, groups0_.group_id as group_id2_0_0_, groupdata1_.group_id as group_id1_2_1_, groupdata1_.group_footer as group_fo2_2_1_, groupdata1_.group_header as group_he3_2_1_, groupdata1_.group_name as group_na4_2_1_ from address_in_groups groups0_ inner join group_list groupdata1_ on groups0_.group_id=groupdata1_.group_id where groups0_.id=?
ContactData{id=287, firstname='Имя 0', lastname='Фамилия 0', homephone='89810', groups=[GroupData{id='179', name='666'}], address='Адрес 0'}
[GroupData{id='179', name='666'}]
ContactData{id=289, firstname='Имя 2', lastname='Фамилия 2', homephone='89812', groups=[], address='Адрес 2'}
[]
ContactData{id=290, firstname='Имя 0', lastname='Фамилия 0', homephone='89810', groups=[GroupData{id='179', name='666'}], address='Адрес 0'}
[GroupData{id='179', name='666'}]
ContactData{id=291, firstname='Имя 1', lastname='Фамилия 1', homephone='89811', groups=[GroupData{id='179', name='666'}], address='Адрес 1'}
[GroupData{id='179', name='666'}]
ContactData{id=293, firstname='Имя 0', lastname='Фамилия 0', homephone='89810', groups=[GroupData{id='189', name='test 2'}, GroupData{id='179', name='666'}], address='Адрес 0'}
[GroupData{id='189', name='test 2'}, GroupData{id='179', name='666'}]
ContactData{id=294, firstname='Имя 1', lastname='Фамилия 1', homephone='89811', groups=[GroupData{id='179', name='666'}], address='Адрес 1'}
[GroupData{id='179', name='666'}]
ContactData{id=295, firstname='Имя 2', lastname='Фамилия 2', homephone='89812', groups=[GroupData{id='179', name='666'}], address='Адрес 2'}
[GroupData{id='179', name='666'}]
ContactData{id=296, firstname='Имя 0', lastname='Фамилия 0', homephone='89810', groups=[GroupData{id='179', name='666'}], address='Адрес 0'}
[GroupData{id='179', name='666'}]
ContactData{id=297, firstname='Имя 1', lastname='Фамилия 1', homephone='89811', groups=[GroupData{id='179', name='666'}], address='Адрес 1'}
[GroupData{id='179', name='666'}]
ContactData{id=299, firstname='Имя 0', lastname='Фамилия 0', homephone='89810', groups=[GroupData{id='179', name='666'}], address='Адрес 0'}
[GroupData{id='179', name='666'}]
ContactData{id=301, firstname='Имя 2', lastname='Фамилия 2', homephone='89812', groups=[GroupData{id='179', name='666'}], address='Адрес 2'}
[GroupData{id='179', name='666'}]
ContactData{id=302, firstname='Р?РјСЏ 0', lastname='Р¤Р°РјРёР»РёСЏ 0', homephone='89810', groups=[GroupData{id='179', name='666'}], address='РђРґСЂРµСЃ 0'}
[GroupData{id='179', name='666'}]
ContactData{id=303, firstname='Р?РјСЏ 1', lastname='Р¤Р°РјРёР»РёСЏ 1', homephone='89811', groups=[GroupData{id='179', name='666'}], address='РђРґСЂРµСЃ 1'}
[GroupData{id='179', name='666'}]
ContactData{id=304, firstname='Р?РјСЏ 2', lastname='Р¤Р°РјРёР»РёСЏ 2', homephone='89812', groups=[GroupData{id='179', name='666'}], address='РђРґСЂРµСЃ 2'}
[GroupData{id='179', name='666'}]
ContactData{id=306, firstname='Name 1', lastname='Surname 1', homephone='89811', groups=[GroupData{id='179', name='666'}], address='Address 1'}
[GroupData{id='179', name='666'}]
ContactData{id=307, firstname='Name 2', lastname='Surname 2', homephone='89812', groups=[GroupData{id='179', name='666'}], address='Address 2'}
[GroupData{id='179', name='666'}]
ContactData{id=309, firstname='Name 1', lastname='Surname 1', homephone='89811', groups=[GroupData{id='179', name='666'}], address='Address 1'}
[GroupData{id='179', name='666'}]
ContactData{id=310, firstname='Name 2', lastname='Surname 2', homephone='89812', groups=[GroupData{id='179', name='666'}], address='Address 2'}
[GroupData{id='179', name='666'}]
]]></system-out>
  <system-err><![CDATA[]]></system-err>
</testsuite>
