<?xml version="1.0" encoding="UTF-8"?>
<testsuite name="ru.stqa.pft.addressbook.tests.ContactHomeInfoTests" tests="1" skipped="0" failures="0" errors="0" timestamp="2019-02-24T13:21:29" hostname="DESKTOP-KSIT5DT" time="0.634">
  <properties/>
  <testcase name="testContactInfo" classname="ru.stqa.pft.addressbook.tests.ContactHomeInfoTests" time="0.634"/>
  <system-out><![CDATA[16:21:29.042 [Test worker] INFO  r.s.pft.addressbook.tests.TestBase - Start test testContactInfo With parameters []
]]></system-out>
  <system-err><![CDATA[]]></system-err>
</testsuite>
