<?xml version="1.0" encoding="UTF-8"?>
<testsuite name="ru.stqa.pft.addressbook.tests.DbConnectionTest" tests="1" skipped="0" failures="0" errors="0" timestamp="2019-02-24T10:30:40" hostname="DESKTOP-KSIT5DT" time="0.013">
  <properties/>
  <testcase name="TestDbConnection" classname="ru.stqa.pft.addressbook.tests.DbConnectionTest" time="0.013"/>
  <system-out><![CDATA[[GroupData{id='226', name='test 1'}]
]]></system-out>
  <system-err><![CDATA[]]></system-err>
</testsuite>
